<testng-results>
  <reporter-output>
  </reporter-output>
  <suite name="Command line suite">
    <groups>
    </groups>
    <test name="Command line test">
      <class name="com.sun.xacml.test.ConformanceTest">
        <test-method status="PASS" signature="setUp()" name="setUp" is-config="true" duration-ms="403" started-at="2012-02-24T12:39:45Z" finished-at="2012-02-24T12:39:45Z">
        </test-method>
        <test-method status="PASS" signature="testXACML(com.sun.xacml.test.TestDescriptor)" name="testXACML" duration-ms="839" started-at="2012-02-24T12:39:45Z" finished-at="2012-02-24T12:39:46Z">
          <params>
            <param index="0">
              <value>
                <![CDATA[IIA001]]>
              </value>
            </param>
          </params>
        </test-method>
        <test-method status="PASS" signature="testXACML(com.sun.xacml.test.TestDescriptor)" name="testXACML" duration-ms="13" started-at="2012-02-24T12:39:46Z" finished-at="2012-02-24T12:39:46Z">
          <params>
            <param index="0">
              <value>
                <![CDATA[IIA002]]>
              </value>
            </param>
          </params>
        </test-method>
        <test-method status="PASS" signature="testXACML(com.sun.xacml.test.TestDescriptor)" name="testXACML" duration-ms="45" started-at="2012-02-24T12:39:46Z" finished-at="2012-02-24T12:39:46Z">
          <params>
            <param index="0">
              <value>
                <![CDATA[IIA003]]>
              </value>
            </param>
          </params>
        </test-method>
        <test-method status="PASS" signature="testXACML(com.sun.xacml.test.TestDescriptor)" name="testXACML" duration-ms="7" started-at="2012-02-24T12:39:46Z" finished-at="2012-02-24T12:39:46Z">
          <params>
            <param index="0">
              <value>
                <![CDATA[IIA004]]>
              </value>
            </param>
          </params>
        </test-method>
        <test-method status="PASS" signature="testXACML(com.sun.xacml.test.TestDescriptor)" name="testXACML" duration-ms="11" started-at="2012-02-24T12:39:46Z" finished-at="2012-02-24T12:39:46Z">
          <params>
            <param index="0">
              <value>
                <![CDATA[IIA005]]>
              </value>
            </param>
          </params>
        </test-method>
        <test-method status="PASS" signature="testXACML(com.sun.xacml.test.TestDescriptor)" name="testXACML" duration-ms="14" started-at="2012-02-24T12:39:46Z" finished-at="2012-02-24T12:39:46Z">
          <params>
            <param index="0">
              <value>
                <![CDATA[IIA006]]>
              </value>
            </param>
          </params>
        </test-method>
        <test-method status="PASS" signature="testXACML(com.sun.xacml.test.TestDescriptor)" name="testXACML" duration-ms="23" started-at="2012-02-24T12:39:46Z" finished-at="2012-02-24T12:39:46Z">
          <params>
            <param index="0">
              <value>
                <![CDATA[IIA007]]>
              </value>
            </param>
          </params>
        </test-method>
        <test-method status="PASS" signature="testXACML(com.sun.xacml.test.TestDescriptor)" name="testXACML" duration-ms="31" started-at="2012-02-24T12:39:46Z" finished-at="2012-02-24T12:39:46Z">
          <params>
            <param index="0">
              <value>
                <![CDATA[IIA008]]>
              </value>
            </param>
          </params>
        </test-method>
        <test-method status="PASS" signature="testXACML(com.sun.xacml.test.TestDescriptor)" name="testXACML" duration-ms="16" started-at="2012-02-24T12:39:46Z" finished-at="2012-02-24T12:39:46Z">
          <params>
            <param index="0">
              <value>
                <![CDATA[IIA009]]>
              </value>
            </param>
          </params>
        </test-method>
        <test-method status="PASS" signature="testXACML(com.sun.xacml.test.TestDescriptor)" name="testXACML" duration-ms="8" started-at="2012-02-24T12:39:46Z" finished-at="2012-02-24T12:39:46Z">
          <params>
            <param index="0">
              <value>
                <![CDATA[IIA010]]>
              </value>
            </param>
          </params>
        </test-method>
        <test-method status="PASS" signature="testXACML(com.sun.xacml.test.TestDescriptor)" name="testXACML" duration-ms="8" started-at="2012-02-24T12:39:46Z" finished-at="2012-02-24T12:39:46Z">
          <params>
            <param index="0">
              <value>
                <![CDATA[IIA011]]>
              </value>
            </param>
          </params>
        </test-method>
        <test-method status="PASS" signature="testXACML(com.sun.xacml.test.TestDescriptor)" name="testXACML" duration-ms="16" started-at="2012-02-24T12:39:46Z" finished-at="2012-02-24T12:39:46Z">
          <params>
            <param index="0">
              <value>
                <![CDATA[IIA012]]>
              </value>
            </param>
          </params>
        </test-method>
        <test-method status="PASS" signature="testXACML(com.sun.xacml.test.TestDescriptor)" name="testXACML" duration-ms="14" started-at="2012-02-24T12:39:46Z" finished-at="2012-02-24T12:39:46Z">
          <params>
            <param index="0">
              <value>
                <![CDATA[IIA013]]>
              </value>
            </param>
          </params>
        </test-method>
        <test-method status="PASS" signature="testXACML(com.sun.xacml.test.TestDescriptor)" name="testXACML" duration-ms="17" started-at="2012-02-24T12:39:46Z" finished-at="2012-02-24T12:39:46Z">
          <params>
            <param index="0">
              <value>
                <![CDATA[IIA014]]>
              </value>
            </param>
          </params>
        </test-method>
        <test-method status="PASS" signature="testXACML(com.sun.xacml.test.TestDescriptor)" name="testXACML" duration-ms="15" started-at="2012-02-24T12:39:46Z" finished-at="2012-02-24T12:39:46Z">
          <params>
            <param index="0">
              <value>
                <![CDATA[IIA015]]>
              </value>
            </param>
          </params>
        </test-method>
        <test-method status="PASS" signature="testXACML(com.sun.xacml.test.TestDescriptor)" name="testXACML" duration-ms="87" started-at="2012-02-24T12:39:46Z" finished-at="2012-02-24T12:39:46Z">
          <params>
            <param index="0">
              <value>
                <![CDATA[IIA016]]>
              </value>
            </param>
          </params>
        </test-method>
        <test-method status="PASS" signature="testXACML(com.sun.xacml.test.TestDescriptor)" name="testXACML" duration-ms="9" started-at="2012-02-24T12:39:46Z" finished-at="2012-02-24T12:39:46Z">
          <params>
            <param index="0">
              <value>
                <![CDATA[IIA017]]>
              </value>
            </param>
          </params>
        </test-method>
        <test-method status="PASS" signature="testXACML(com.sun.xacml.test.TestDescriptor)" name="testXACML" duration-ms="12" started-at="2012-02-24T12:39:46Z" finished-at="2012-02-24T12:39:46Z">
          <params>
            <param index="0">
              <value>
                <![CDATA[IIA018]]>
              </value>
            </param>
          </params>
        </test-method>
        <test-method status="PASS" signature="testXACML(com.sun.xacml.test.TestDescriptor)" name="testXACML" duration-ms="7" started-at="2012-02-24T12:39:46Z" finished-at="2012-02-24T12:39:46Z">
          <params>
            <param index="0">
              <value>
                <![CDATA[IIA019]]>
              </value>
            </param>
          </params>
        </test-method>
        <test-method status="PASS" signature="testXACML(com.sun.xacml.test.TestDescriptor)" name="testXACML" duration-ms="20" started-at="2012-02-24T12:39:46Z" finished-at="2012-02-24T12:39:46Z">
          <params>
            <param index="0">
              <value>
                <![CDATA[IIA020]]>
              </value>
            </param>
          </params>
        </test-method>
        <test-method status="PASS" signature="testXACML(com.sun.xacml.test.TestDescriptor)" name="testXACML" duration-ms="7" started-at="2012-02-24T12:39:46Z" finished-at="2012-02-24T12:39:46Z">
          <params>
            <param index="0">
              <value>
                <![CDATA[IIA021]]>
              </value>
            </param>
          </params>
        </test-method>
        <test-method status="PASS" signature="testXACML(com.sun.xacml.test.TestDescriptor)" name="testXACML" duration-ms="6" started-at="2012-02-24T12:39:46Z" finished-at="2012-02-24T12:39:46Z">
          <params>
            <param index="0">
              <value>
                <![CDATA[IIB001]]>
              </value>
            </param>
          </params>
        </test-method>
        <test-method status="PASS" signature="testXACML(com.sun.xacml.test.TestDescriptor)" name="testXACML" duration-ms="8" started-at="2012-02-24T12:39:46Z" finished-at="2012-02-24T12:39:46Z">
          <params>
            <param index="0">
              <value>
                <![CDATA[IIB002]]>
              </value>
            </param>
          </params>
        </test-method>
        <test-method status="PASS" signature="testXACML(com.sun.xacml.test.TestDescriptor)" name="testXACML" duration-ms="8" started-at="2012-02-24T12:39:46Z" finished-at="2012-02-24T12:39:47Z">
          <params>
            <param index="0">
              <value>
                <![CDATA[IIB003]]>
              </value>
            </param>
          </params>
        </test-method>
        <test-method status="PASS" signature="testXACML(com.sun.xacml.test.TestDescriptor)" name="testXACML" duration-ms="10" started-at="2012-02-24T12:39:47Z" finished-at="2012-02-24T12:39:47Z">
          <params>
            <param index="0">
              <value>
                <![CDATA[IIB004]]>
              </value>
            </param>
          </params>
        </test-method>
        <test-method status="PASS" signature="testXACML(com.sun.xacml.test.TestDescriptor)" name="testXACML" duration-ms="8" started-at="2012-02-24T12:39:47Z" finished-at="2012-02-24T12:39:47Z">
          <params>
            <param index="0">
              <value>
                <![CDATA[IIB005]]>
              </value>
            </param>
          </params>
        </test-method>
        <test-method status="PASS" signature="testXACML(com.sun.xacml.test.TestDescriptor)" name="testXACML" duration-ms="10" started-at="2012-02-24T12:39:47Z" finished-at="2012-02-24T12:39:47Z">
          <params>
            <param index="0">
              <value>
                <![CDATA[IIB006]]>
              </value>
            </param>
          </params>
        </test-method>
        <test-method status="PASS" signature="testXACML(com.sun.xacml.test.TestDescriptor)" name="testXACML" duration-ms="9" started-at="2012-02-24T12:39:47Z" finished-at="2012-02-24T12:39:47Z">
          <params>
            <param index="0">
              <value>
                <![CDATA[IIB007]]>
              </value>
            </param>
          </params>
        </test-method>
        <test-method status="PASS" signature="testXACML(com.sun.xacml.test.TestDescriptor)" name="testXACML" duration-ms="9" started-at="2012-02-24T12:39:47Z" finished-at="2012-02-24T12:39:47Z">
          <params>
            <param index="0">
              <value>
                <![CDATA[IIB008]]>
              </value>
            </param>
          </params>
        </test-method>
        <test-method status="PASS" signature="testXACML(com.sun.xacml.test.TestDescriptor)" name="testXACML" duration-ms="21" started-at="2012-02-24T12:39:47Z" finished-at="2012-02-24T12:39:47Z">
          <params>
            <param index="0">
              <value>
                <![CDATA[IIB009]]>
              </value>
            </param>
          </params>
        </test-method>
        <test-method status="PASS" signature="testXACML(com.sun.xacml.test.TestDescriptor)" name="testXACML" duration-ms="9" started-at="2012-02-24T12:39:47Z" finished-at="2012-02-24T12:39:47Z">
          <params>
            <param index="0">
              <value>
                <![CDATA[IIB010]]>
              </value>
            </param>
          </params>
        </test-method>
        <test-method status="PASS" signature="testXACML(com.sun.xacml.test.TestDescriptor)" name="testXACML" duration-ms="8" started-at="2012-02-24T12:39:47Z" finished-at="2012-02-24T12:39:47Z">
          <params>
            <param index="0">
              <value>
                <![CDATA[IIB011]]>
              </value>
            </param>
          </params>
        </test-method>
        <test-method status="PASS" signature="testXACML(com.sun.xacml.test.TestDescriptor)" name="testXACML" duration-ms="10" started-at="2012-02-24T12:39:47Z" finished-at="2012-02-24T12:39:47Z">
          <params>
            <param index="0">
              <value>
                <![CDATA[IIB012]]>
              </value>
            </param>
          </params>
        </test-method>
        <test-method status="PASS" signature="testXACML(com.sun.xacml.test.TestDescriptor)" name="testXACML" duration-ms="8" started-at="2012-02-24T12:39:47Z" finished-at="2012-02-24T12:39:47Z">
          <params>
            <param index="0">
              <value>
                <![CDATA[IIB013]]>
              </value>
            </param>
          </params>
        </test-method>
        <test-method status="PASS" signature="testXACML(com.sun.xacml.test.TestDescriptor)" name="testXACML" duration-ms="100" started-at="2012-02-24T12:39:47Z" finished-at="2012-02-24T12:39:47Z">
          <params>
            <param index="0">
              <value>
                <![CDATA[IIB014]]>
              </value>
            </param>
          </params>
        </test-method>
        <test-method status="PASS" signature="testXACML(com.sun.xacml.test.TestDescriptor)" name="testXACML" duration-ms="9" started-at="2012-02-24T12:39:47Z" finished-at="2012-02-24T12:39:47Z">
          <params>
            <param index="0">
              <value>
                <![CDATA[IIB015]]>
              </value>
            </param>
          </params>
        </test-method>
        <test-method status="PASS" signature="testXACML(com.sun.xacml.test.TestDescriptor)" name="testXACML" duration-ms="14" started-at="2012-02-24T12:39:47Z" finished-at="2012-02-24T12:39:47Z">
          <params>
            <param index="0">
              <value>
                <![CDATA[IIB016]]>
              </value>
            </param>
          </params>
        </test-method>
        <test-method status="PASS" signature="testXACML(com.sun.xacml.test.TestDescriptor)" name="testXACML" duration-ms="11" started-at="2012-02-24T12:39:47Z" finished-at="2012-02-24T12:39:47Z">
          <params>
            <param index="0">
              <value>
                <![CDATA[IIB017]]>
              </value>
            </param>
          </params>
        </test-method>
        <test-method status="PASS" signature="testXACML(com.sun.xacml.test.TestDescriptor)" name="testXACML" duration-ms="10" started-at="2012-02-24T12:39:47Z" finished-at="2012-02-24T12:39:47Z">
          <params>
            <param index="0">
              <value>
                <![CDATA[IIB018]]>
              </value>
            </param>
          </params>
        </test-method>
        <test-method status="PASS" signature="testXACML(com.sun.xacml.test.TestDescriptor)" name="testXACML" duration-ms="8" started-at="2012-02-24T12:39:47Z" finished-at="2012-02-24T12:39:47Z">
          <params>
            <param index="0">
              <value>
                <![CDATA[IIB019]]>
              </value>
            </param>
          </params>
        </test-method>
        <test-method status="PASS" signature="testXACML(com.sun.xacml.test.TestDescriptor)" name="testXACML" duration-ms="8" started-at="2012-02-24T12:39:47Z" finished-at="2012-02-24T12:39:47Z">
          <params>
            <param index="0">
              <value>
                <![CDATA[IIB020]]>
              </value>
            </param>
          </params>
        </test-method>
        <test-method status="PASS" signature="testXACML(com.sun.xacml.test.TestDescriptor)" name="testXACML" duration-ms="7" started-at="2012-02-24T12:39:47Z" finished-at="2012-02-24T12:39:47Z">
          <params>
            <param index="0">
              <value>
                <![CDATA[IIB021]]>
              </value>
            </param>
          </params>
        </test-method>
        <test-method status="PASS" signature="testXACML(com.sun.xacml.test.TestDescriptor)" name="testXACML" duration-ms="17" started-at="2012-02-24T12:39:47Z" finished-at="2012-02-24T12:39:47Z">
          <params>
            <param index="0">
              <value>
                <![CDATA[IIB022]]>
              </value>
            </param>
          </params>
        </test-method>
        <test-method status="PASS" signature="testXACML(com.sun.xacml.test.TestDescriptor)" name="testXACML" duration-ms="8" started-at="2012-02-24T12:39:47Z" finished-at="2012-02-24T12:39:47Z">
          <params>
            <param index="0">
              <value>
                <![CDATA[IIB023]]>
              </value>
            </param>
          </params>
        </test-method>
        <test-method status="PASS" signature="testXACML(com.sun.xacml.test.TestDescriptor)" name="testXACML" duration-ms="9" started-at="2012-02-24T12:39:47Z" finished-at="2012-02-24T12:39:47Z">
          <params>
            <param index="0">
              <value>
                <![CDATA[IIB024]]>
              </value>
            </param>
          </params>
        </test-method>
        <test-method status="PASS" signature="testXACML(com.sun.xacml.test.TestDescriptor)" name="testXACML" duration-ms="11" started-at="2012-02-24T12:39:47Z" finished-at="2012-02-24T12:39:47Z">
          <params>
            <param index="0">
              <value>
                <![CDATA[IIB025]]>
              </value>
            </param>
          </params>
        </test-method>
        <test-method status="PASS" signature="testXACML(com.sun.xacml.test.TestDescriptor)" name="testXACML" duration-ms="27" started-at="2012-02-24T12:39:47Z" finished-at="2012-02-24T12:39:47Z">
          <params>
            <param index="0">
              <value>
                <![CDATA[IIB026]]>
              </value>
            </param>
          </params>
        </test-method>
        <test-method status="PASS" signature="testXACML(com.sun.xacml.test.TestDescriptor)" name="testXACML" duration-ms="9" started-at="2012-02-24T12:39:47Z" finished-at="2012-02-24T12:39:47Z">
          <params>
            <param index="0">
              <value>
                <![CDATA[IIB027]]>
              </value>
            </param>
          </params>
        </test-method>
        <test-method status="PASS" signature="testXACML(com.sun.xacml.test.TestDescriptor)" name="testXACML" duration-ms="18" started-at="2012-02-24T12:39:47Z" finished-at="2012-02-24T12:39:47Z">
          <params>
            <param index="0">
              <value>
                <![CDATA[IIB028]]>
              </value>
            </param>
          </params>
        </test-method>
        <test-method status="PASS" signature="testXACML(com.sun.xacml.test.TestDescriptor)" name="testXACML" duration-ms="11" started-at="2012-02-24T12:39:47Z" finished-at="2012-02-24T12:39:47Z">
          <params>
            <param index="0">
              <value>
                <![CDATA[IIB029]]>
              </value>
            </param>
          </params>
        </test-method>
        <test-method status="PASS" signature="testXACML(com.sun.xacml.test.TestDescriptor)" name="testXACML" duration-ms="10" started-at="2012-02-24T12:39:47Z" finished-at="2012-02-24T12:39:47Z">
          <params>
            <param index="0">
              <value>
                <![CDATA[IIB030]]>
              </value>
            </param>
          </params>
        </test-method>
        <test-method status="PASS" signature="testXACML(com.sun.xacml.test.TestDescriptor)" name="testXACML" duration-ms="8" started-at="2012-02-24T12:39:47Z" finished-at="2012-02-24T12:39:47Z">
          <params>
            <param index="0">
              <value>
                <![CDATA[IIB031]]>
              </value>
            </param>
          </params>
        </test-method>
        <test-method status="PASS" signature="testXACML(com.sun.xacml.test.TestDescriptor)" name="testXACML" duration-ms="8" started-at="2012-02-24T12:39:47Z" finished-at="2012-02-24T12:39:47Z">
          <params>
            <param index="0">
              <value>
                <![CDATA[IIB032]]>
              </value>
            </param>
          </params>
        </test-method>
        <test-method status="PASS" signature="testXACML(com.sun.xacml.test.TestDescriptor)" name="testXACML" duration-ms="8" started-at="2012-02-24T12:39:47Z" finished-at="2012-02-24T12:39:47Z">
          <params>
            <param index="0">
              <value>
                <![CDATA[IIB033]]>
              </value>
            </param>
          </params>
        </test-method>
        <test-method status="PASS" signature="testXACML(com.sun.xacml.test.TestDescriptor)" name="testXACML" duration-ms="8" started-at="2012-02-24T12:39:47Z" finished-at="2012-02-24T12:39:47Z">
          <params>
            <param index="0">
              <value>
                <![CDATA[IIB034]]>
              </value>
            </param>
          </params>
        </test-method>
        <test-method status="PASS" signature="testXACML(com.sun.xacml.test.TestDescriptor)" name="testXACML" duration-ms="7" started-at="2012-02-24T12:39:47Z" finished-at="2012-02-24T12:39:47Z">
          <params>
            <param index="0">
              <value>
                <![CDATA[IIB035]]>
              </value>
            </param>
          </params>
        </test-method>
        <test-method status="PASS" signature="testXACML(com.sun.xacml.test.TestDescriptor)" name="testXACML" duration-ms="8" started-at="2012-02-24T12:39:47Z" finished-at="2012-02-24T12:39:47Z">
          <params>
            <param index="0">
              <value>
                <![CDATA[IIB036]]>
              </value>
            </param>
          </params>
        </test-method>
        <test-method status="PASS" signature="testXACML(com.sun.xacml.test.TestDescriptor)" name="testXACML" duration-ms="8" started-at="2012-02-24T12:39:47Z" finished-at="2012-02-24T12:39:47Z">
          <params>
            <param index="0">
              <value>
                <![CDATA[IIB037]]>
              </value>
            </param>
          </params>
        </test-method>
        <test-method status="PASS" signature="testXACML(com.sun.xacml.test.TestDescriptor)" name="testXACML" duration-ms="12" started-at="2012-02-24T12:39:47Z" finished-at="2012-02-24T12:39:47Z">
          <params>
            <param index="0">
              <value>
                <![CDATA[IIB038]]>
              </value>
            </param>
          </params>
        </test-method>
        <test-method status="PASS" signature="testXACML(com.sun.xacml.test.TestDescriptor)" name="testXACML" duration-ms="9" started-at="2012-02-24T12:39:47Z" finished-at="2012-02-24T12:39:47Z">
          <params>
            <param index="0">
              <value>
                <![CDATA[IIB039]]>
              </value>
            </param>
          </params>
        </test-method>
        <test-method status="PASS" signature="testXACML(com.sun.xacml.test.TestDescriptor)" name="testXACML" duration-ms="13" started-at="2012-02-24T12:39:47Z" finished-at="2012-02-24T12:39:47Z">
          <params>
            <param index="0">
              <value>
                <![CDATA[IIB040]]>
              </value>
            </param>
          </params>
        </test-method>
        <test-method status="PASS" signature="testXACML(com.sun.xacml.test.TestDescriptor)" name="testXACML" duration-ms="8" started-at="2012-02-24T12:39:47Z" finished-at="2012-02-24T12:39:47Z">
          <params>
            <param index="0">
              <value>
                <![CDATA[IIB041]]>
              </value>
            </param>
          </params>
        </test-method>
        <test-method status="PASS" signature="testXACML(com.sun.xacml.test.TestDescriptor)" name="testXACML" duration-ms="9" started-at="2012-02-24T12:39:47Z" finished-at="2012-02-24T12:39:47Z">
          <params>
            <param index="0">
              <value>
                <![CDATA[IIB042]]>
              </value>
            </param>
          </params>
        </test-method>
        <test-method status="PASS" signature="testXACML(com.sun.xacml.test.TestDescriptor)" name="testXACML" duration-ms="14" started-at="2012-02-24T12:39:47Z" finished-at="2012-02-24T12:39:47Z">
          <params>
            <param index="0">
              <value>
                <![CDATA[IIB043]]>
              </value>
            </param>
          </params>
        </test-method>
        <test-method status="PASS" signature="testXACML(com.sun.xacml.test.TestDescriptor)" name="testXACML" duration-ms="10" started-at="2012-02-24T12:39:47Z" finished-at="2012-02-24T12:39:47Z">
          <params>
            <param index="0">
              <value>
                <![CDATA[IIB044]]>
              </value>
            </param>
          </params>
        </test-method>
        <test-method status="PASS" signature="testXACML(com.sun.xacml.test.TestDescriptor)" name="testXACML" duration-ms="10" started-at="2012-02-24T12:39:47Z" finished-at="2012-02-24T12:39:47Z">
          <params>
            <param index="0">
              <value>
                <![CDATA[IIB045]]>
              </value>
            </param>
          </params>
        </test-method>
        <test-method status="PASS" signature="testXACML(com.sun.xacml.test.TestDescriptor)" name="testXACML" duration-ms="8" started-at="2012-02-24T12:39:47Z" finished-at="2012-02-24T12:39:47Z">
          <params>
            <param index="0">
              <value>
                <![CDATA[IIB046]]>
              </value>
            </param>
          </params>
        </test-method>
        <test-method status="PASS" signature="testXACML(com.sun.xacml.test.TestDescriptor)" name="testXACML" duration-ms="7" started-at="2012-02-24T12:39:47Z" finished-at="2012-02-24T12:39:47Z">
          <params>
            <param index="0">
              <value>
                <![CDATA[IIB047]]>
              </value>
            </param>
          </params>
        </test-method>
        <test-method status="PASS" signature="testXACML(com.sun.xacml.test.TestDescriptor)" name="testXACML" duration-ms="8" started-at="2012-02-24T12:39:47Z" finished-at="2012-02-24T12:39:47Z">
          <params>
            <param index="0">
              <value>
                <![CDATA[IIB048]]>
              </value>
            </param>
          </params>
        </test-method>
        <test-method status="PASS" signature="testXACML(com.sun.xacml.test.TestDescriptor)" name="testXACML" duration-ms="10" started-at="2012-02-24T12:39:47Z" finished-at="2012-02-24T12:39:47Z">
          <params>
            <param index="0">
              <value>
                <![CDATA[IIB049]]>
              </value>
            </param>
          </params>
        </test-method>
        <test-method status="PASS" signature="testXACML(com.sun.xacml.test.TestDescriptor)" name="testXACML" duration-ms="8" started-at="2012-02-24T12:39:47Z" finished-at="2012-02-24T12:39:47Z">
          <params>
            <param index="0">
              <value>
                <![CDATA[IIB050]]>
              </value>
            </param>
          </params>
        </test-method>
        <test-method status="PASS" signature="testXACML(com.sun.xacml.test.TestDescriptor)" name="testXACML" duration-ms="21" started-at="2012-02-24T12:39:47Z" finished-at="2012-02-24T12:39:47Z">
          <params>
            <param index="0">
              <value>
                <![CDATA[IIB051]]>
              </value>
            </param>
          </params>
        </test-method>
        <test-method status="PASS" signature="testXACML(com.sun.xacml.test.TestDescriptor)" name="testXACML" duration-ms="26" started-at="2012-02-24T12:39:47Z" finished-at="2012-02-24T12:39:47Z">
          <params>
            <param index="0">
              <value>
                <![CDATA[IIB052]]>
              </value>
            </param>
          </params>
        </test-method>
        <test-method status="PASS" signature="testXACML(com.sun.xacml.test.TestDescriptor)" name="testXACML" duration-ms="8" started-at="2012-02-24T12:39:47Z" finished-at="2012-02-24T12:39:47Z">
          <params>
            <param index="0">
              <value>
                <![CDATA[IIB053]]>
              </value>
            </param>
          </params>
        </test-method>
        <test-method status="PASS" signature="testXACML(com.sun.xacml.test.TestDescriptor)" name="testXACML" duration-ms="8" started-at="2012-02-24T12:39:47Z" finished-at="2012-02-24T12:39:47Z">
          <params>
            <param index="0">
              <value>
                <![CDATA[IIC001]]>
              </value>
            </param>
          </params>
        </test-method>
        <test-method status="PASS" signature="testXACML(com.sun.xacml.test.TestDescriptor)" name="testXACML" duration-ms="13" started-at="2012-02-24T12:39:47Z" finished-at="2012-02-24T12:39:47Z">
          <params>
            <param index="0">
              <value>
                <![CDATA[IIC002]]>
              </value>
            </param>
          </params>
        </test-method>
        <test-method status="PASS" signature="testXACML(com.sun.xacml.test.TestDescriptor)" name="testXACML" duration-ms="7" started-at="2012-02-24T12:39:47Z" finished-at="2012-02-24T12:39:47Z">
          <params>
            <param index="0">
              <value>
                <![CDATA[IIC003]]>
              </value>
            </param>
          </params>
        </test-method>
        <test-method status="PASS" signature="testXACML(com.sun.xacml.test.TestDescriptor)" name="testXACML" duration-ms="8" started-at="2012-02-24T12:39:47Z" finished-at="2012-02-24T12:39:47Z">
          <params>
            <param index="0">
              <value>
                <![CDATA[IIC004]]>
              </value>
            </param>
          </params>
        </test-method>
        <test-method status="PASS" signature="testXACML(com.sun.xacml.test.TestDescriptor)" name="testXACML" duration-ms="8" started-at="2012-02-24T12:39:47Z" finished-at="2012-02-24T12:39:47Z">
          <params>
            <param index="0">
              <value>
                <![CDATA[IIC005]]>
              </value>
            </param>
          </params>
        </test-method>
        <test-method status="PASS" signature="testXACML(com.sun.xacml.test.TestDescriptor)" name="testXACML" duration-ms="8" started-at="2012-02-24T12:39:47Z" finished-at="2012-02-24T12:39:47Z">
          <params>
            <param index="0">
              <value>
                <![CDATA[IIC006]]>
              </value>
            </param>
          </params>
        </test-method>
        <test-method status="PASS" signature="testXACML(com.sun.xacml.test.TestDescriptor)" name="testXACML" duration-ms="14" started-at="2012-02-24T12:39:47Z" finished-at="2012-02-24T12:39:47Z">
          <params>
            <param index="0">
              <value>
                <![CDATA[IIC007]]>
              </value>
            </param>
          </params>
        </test-method>
        <test-method status="PASS" signature="testXACML(com.sun.xacml.test.TestDescriptor)" name="testXACML" duration-ms="6" started-at="2012-02-24T12:39:47Z" finished-at="2012-02-24T12:39:47Z">
          <params>
            <param index="0">
              <value>
                <![CDATA[IIC008]]>
              </value>
            </param>
          </params>
        </test-method>
        <test-method status="PASS" signature="testXACML(com.sun.xacml.test.TestDescriptor)" name="testXACML" duration-ms="12" started-at="2012-02-24T12:39:47Z" finished-at="2012-02-24T12:39:47Z">
          <params>
            <param index="0">
              <value>
                <![CDATA[IIC009]]>
              </value>
            </param>
          </params>
        </test-method>
        <test-method status="PASS" signature="testXACML(com.sun.xacml.test.TestDescriptor)" name="testXACML" duration-ms="7" started-at="2012-02-24T12:39:47Z" finished-at="2012-02-24T12:39:47Z">
          <params>
            <param index="0">
              <value>
                <![CDATA[IIC010]]>
              </value>
            </param>
          </params>
        </test-method>
        <test-method status="PASS" signature="testXACML(com.sun.xacml.test.TestDescriptor)" name="testXACML" duration-ms="7" started-at="2012-02-24T12:39:47Z" finished-at="2012-02-24T12:39:47Z">
          <params>
            <param index="0">
              <value>
                <![CDATA[IIC011]]>
              </value>
            </param>
          </params>
        </test-method>
        <test-method status="PASS" signature="testXACML(com.sun.xacml.test.TestDescriptor)" name="testXACML" duration-ms="4" started-at="2012-02-24T12:39:47Z" finished-at="2012-02-24T12:39:47Z">
          <params>
            <param index="0">
              <value>
                <![CDATA[IIC012]]>
              </value>
            </param>
          </params>
        </test-method>
        <test-method status="PASS" signature="testXACML(com.sun.xacml.test.TestDescriptor)" name="testXACML" duration-ms="9" started-at="2012-02-24T12:39:47Z" finished-at="2012-02-24T12:39:47Z">
          <params>
            <param index="0">
              <value>
                <![CDATA[IIC013]]>
              </value>
            </param>
          </params>
        </test-method>
        <test-method status="PASS" signature="testXACML(com.sun.xacml.test.TestDescriptor)" name="testXACML" duration-ms="7" started-at="2012-02-24T12:39:47Z" finished-at="2012-02-24T12:39:47Z">
          <params>
            <param index="0">
              <value>
                <![CDATA[IIC014]]>
              </value>
            </param>
          </params>
        </test-method>
        <test-method status="PASS" signature="testXACML(com.sun.xacml.test.TestDescriptor)" name="testXACML" duration-ms="21" started-at="2012-02-24T12:39:47Z" finished-at="2012-02-24T12:39:47Z">
          <params>
            <param index="0">
              <value>
                <![CDATA[IIC015]]>
              </value>
            </param>
          </params>
        </test-method>
        <test-method status="PASS" signature="testXACML(com.sun.xacml.test.TestDescriptor)" name="testXACML" duration-ms="8" started-at="2012-02-24T12:39:47Z" finished-at="2012-02-24T12:39:47Z">
          <params>
            <param index="0">
              <value>
                <![CDATA[IIC016]]>
              </value>
            </param>
          </params>
        </test-method>
        <test-method status="PASS" signature="testXACML(com.sun.xacml.test.TestDescriptor)" name="testXACML" duration-ms="16" started-at="2012-02-24T12:39:47Z" finished-at="2012-02-24T12:39:47Z">
          <params>
            <param index="0">
              <value>
                <![CDATA[IIC017]]>
              </value>
            </param>
          </params>
        </test-method>
        <test-method status="PASS" signature="testXACML(com.sun.xacml.test.TestDescriptor)" name="testXACML" duration-ms="7" started-at="2012-02-24T12:39:47Z" finished-at="2012-02-24T12:39:47Z">
          <params>
            <param index="0">
              <value>
                <![CDATA[IIC018]]>
              </value>
            </param>
          </params>
        </test-method>
        <test-method status="PASS" signature="testXACML(com.sun.xacml.test.TestDescriptor)" name="testXACML" duration-ms="7" started-at="2012-02-24T12:39:47Z" finished-at="2012-02-24T12:39:47Z">
          <params>
            <param index="0">
              <value>
                <![CDATA[IIC019]]>
              </value>
            </param>
          </params>
        </test-method>
        <test-method status="PASS" signature="testXACML(com.sun.xacml.test.TestDescriptor)" name="testXACML" duration-ms="6" started-at="2012-02-24T12:39:47Z" finished-at="2012-02-24T12:39:47Z">
          <params>
            <param index="0">
              <value>
                <![CDATA[IIC020]]>
              </value>
            </param>
          </params>
        </test-method>
        <test-method status="PASS" signature="testXACML(com.sun.xacml.test.TestDescriptor)" name="testXACML" duration-ms="6" started-at="2012-02-24T12:39:47Z" finished-at="2012-02-24T12:39:47Z">
          <params>
            <param index="0">
              <value>
                <![CDATA[IIC021]]>
              </value>
            </param>
          </params>
        </test-method>
        <test-method status="PASS" signature="testXACML(com.sun.xacml.test.TestDescriptor)" name="testXACML" duration-ms="7" started-at="2012-02-24T12:39:47Z" finished-at="2012-02-24T12:39:47Z">
          <params>
            <param index="0">
              <value>
                <![CDATA[IIC022]]>
              </value>
            </param>
          </params>
        </test-method>
        <test-method status="PASS" signature="testXACML(com.sun.xacml.test.TestDescriptor)" name="testXACML" duration-ms="7" started-at="2012-02-24T12:39:47Z" finished-at="2012-02-24T12:39:47Z">
          <params>
            <param index="0">
              <value>
                <![CDATA[IIC024]]>
              </value>
            </param>
          </params>
        </test-method>
        <test-method status="PASS" signature="testXACML(com.sun.xacml.test.TestDescriptor)" name="testXACML" duration-ms="6" started-at="2012-02-24T12:39:47Z" finished-at="2012-02-24T12:39:47Z">
          <params>
            <param index="0">
              <value>
                <![CDATA[IIC025]]>
              </value>
            </param>
          </params>
        </test-method>
        <test-method status="PASS" signature="testXACML(com.sun.xacml.test.TestDescriptor)" name="testXACML" duration-ms="17" started-at="2012-02-24T12:39:47Z" finished-at="2012-02-24T12:39:47Z">
          <params>
            <param index="0">
              <value>
                <![CDATA[IIC026]]>
              </value>
            </param>
          </params>
        </test-method>
        <test-method status="PASS" signature="testXACML(com.sun.xacml.test.TestDescriptor)" name="testXACML" duration-ms="13" started-at="2012-02-24T12:39:47Z" finished-at="2012-02-24T12:39:47Z">
          <params>
            <param index="0">
              <value>
                <![CDATA[IIC027]]>
              </value>
            </param>
          </params>
        </test-method>
        <test-method status="PASS" signature="testXACML(com.sun.xacml.test.TestDescriptor)" name="testXACML" duration-ms="8" started-at="2012-02-24T12:39:47Z" finished-at="2012-02-24T12:39:47Z">
          <params>
            <param index="0">
              <value>
                <![CDATA[IIC028]]>
              </value>
            </param>
          </params>
        </test-method>
        <test-method status="PASS" signature="testXACML(com.sun.xacml.test.TestDescriptor)" name="testXACML" duration-ms="19" started-at="2012-02-24T12:39:47Z" finished-at="2012-02-24T12:39:47Z">
          <params>
            <param index="0">
              <value>
                <![CDATA[IIC029]]>
              </value>
            </param>
          </params>
        </test-method>
        <test-method status="PASS" signature="testXACML(com.sun.xacml.test.TestDescriptor)" name="testXACML" duration-ms="7" started-at="2012-02-24T12:39:47Z" finished-at="2012-02-24T12:39:47Z">
          <params>
            <param index="0">
              <value>
                <![CDATA[IIC030]]>
              </value>
            </param>
          </params>
        </test-method>
        <test-method status="PASS" signature="testXACML(com.sun.xacml.test.TestDescriptor)" name="testXACML" duration-ms="6" started-at="2012-02-24T12:39:47Z" finished-at="2012-02-24T12:39:47Z">
          <params>
            <param index="0">
              <value>
                <![CDATA[IIC031]]>
              </value>
            </param>
          </params>
        </test-method>
        <test-method status="PASS" signature="testXACML(com.sun.xacml.test.TestDescriptor)" name="testXACML" duration-ms="14" started-at="2012-02-24T12:39:47Z" finished-at="2012-02-24T12:39:47Z">
          <params>
            <param index="0">
              <value>
                <![CDATA[IIC032]]>
              </value>
            </param>
          </params>
        </test-method>
        <test-method status="PASS" signature="testXACML(com.sun.xacml.test.TestDescriptor)" name="testXACML" duration-ms="7" started-at="2012-02-24T12:39:47Z" finished-at="2012-02-24T12:39:47Z">
          <params>
            <param index="0">
              <value>
                <![CDATA[IIC033]]>
              </value>
            </param>
          </params>
        </test-method>
        <test-method status="PASS" signature="testXACML(com.sun.xacml.test.TestDescriptor)" name="testXACML" duration-ms="6" started-at="2012-02-24T12:39:47Z" finished-at="2012-02-24T12:39:47Z">
          <params>
            <param index="0">
              <value>
                <![CDATA[IIC034]]>
              </value>
            </param>
          </params>
        </test-method>
        <test-method status="PASS" signature="testXACML(com.sun.xacml.test.TestDescriptor)" name="testXACML" duration-ms="7" started-at="2012-02-24T12:39:47Z" finished-at="2012-02-24T12:39:47Z">
          <params>
            <param index="0">
              <value>
                <![CDATA[IIC035]]>
              </value>
            </param>
          </params>
        </test-method>
        <test-method status="PASS" signature="testXACML(com.sun.xacml.test.TestDescriptor)" name="testXACML" duration-ms="11" started-at="2012-02-24T12:39:47Z" finished-at="2012-02-24T12:39:47Z">
          <params>
            <param index="0">
              <value>
                <![CDATA[IIC036]]>
              </value>
            </param>
          </params>
        </test-method>
        <test-method status="PASS" signature="testXACML(com.sun.xacml.test.TestDescriptor)" name="testXACML" duration-ms="6" started-at="2012-02-24T12:39:47Z" finished-at="2012-02-24T12:39:47Z">
          <params>
            <param index="0">
              <value>
                <![CDATA[IIC037]]>
              </value>
            </param>
          </params>
        </test-method>
        <test-method status="PASS" signature="testXACML(com.sun.xacml.test.TestDescriptor)" name="testXACML" duration-ms="9" started-at="2012-02-24T12:39:47Z" finished-at="2012-02-24T12:39:47Z">
          <params>
            <param index="0">
              <value>
                <![CDATA[IIC038]]>
              </value>
            </param>
          </params>
        </test-method>
        <test-method status="PASS" signature="testXACML(com.sun.xacml.test.TestDescriptor)" name="testXACML" duration-ms="9" started-at="2012-02-24T12:39:47Z" finished-at="2012-02-24T12:39:47Z">
          <params>
            <param index="0">
              <value>
                <![CDATA[IIC039]]>
              </value>
            </param>
          </params>
        </test-method>
        <test-method status="PASS" signature="testXACML(com.sun.xacml.test.TestDescriptor)" name="testXACML" duration-ms="6" started-at="2012-02-24T12:39:47Z" finished-at="2012-02-24T12:39:48Z">
          <params>
            <param index="0">
              <value>
                <![CDATA[IIC040]]>
              </value>
            </param>
          </params>
        </test-method>
        <test-method status="PASS" signature="testXACML(com.sun.xacml.test.TestDescriptor)" name="testXACML" duration-ms="15" started-at="2012-02-24T12:39:48Z" finished-at="2012-02-24T12:39:48Z">
          <params>
            <param index="0">
              <value>
                <![CDATA[IIC041]]>
              </value>
            </param>
          </params>
        </test-method>
        <test-method status="PASS" signature="testXACML(com.sun.xacml.test.TestDescriptor)" name="testXACML" duration-ms="9" started-at="2012-02-24T12:39:48Z" finished-at="2012-02-24T12:39:48Z">
          <params>
            <param index="0">
              <value>
                <![CDATA[IIC042]]>
              </value>
            </param>
          </params>
        </test-method>
        <test-method status="PASS" signature="testXACML(com.sun.xacml.test.TestDescriptor)" name="testXACML" duration-ms="14" started-at="2012-02-24T12:39:48Z" finished-at="2012-02-24T12:39:48Z">
          <params>
            <param index="0">
              <value>
                <![CDATA[IIC043]]>
              </value>
            </param>
          </params>
        </test-method>
        <test-method status="PASS" signature="testXACML(com.sun.xacml.test.TestDescriptor)" name="testXACML" duration-ms="16" started-at="2012-02-24T12:39:48Z" finished-at="2012-02-24T12:39:48Z">
          <params>
            <param index="0">
              <value>
                <![CDATA[IIC044]]>
              </value>
            </param>
          </params>
        </test-method>
        <test-method status="PASS" signature="testXACML(com.sun.xacml.test.TestDescriptor)" name="testXACML" duration-ms="18" started-at="2012-02-24T12:39:48Z" finished-at="2012-02-24T12:39:48Z">
          <params>
            <param index="0">
              <value>
                <![CDATA[IIC045]]>
              </value>
            </param>
          </params>
        </test-method>
        <test-method status="PASS" signature="testXACML(com.sun.xacml.test.TestDescriptor)" name="testXACML" duration-ms="10" started-at="2012-02-24T12:39:48Z" finished-at="2012-02-24T12:39:48Z">
          <params>
            <param index="0">
              <value>
                <![CDATA[IIC046]]>
              </value>
            </param>
          </params>
        </test-method>
        <test-method status="PASS" signature="testXACML(com.sun.xacml.test.TestDescriptor)" name="testXACML" duration-ms="15" started-at="2012-02-24T12:39:48Z" finished-at="2012-02-24T12:39:48Z">
          <params>
            <param index="0">
              <value>
                <![CDATA[IIC047]]>
              </value>
            </param>
          </params>
        </test-method>
        <test-method status="PASS" signature="testXACML(com.sun.xacml.test.TestDescriptor)" name="testXACML" duration-ms="13" started-at="2012-02-24T12:39:48Z" finished-at="2012-02-24T12:39:48Z">
          <params>
            <param index="0">
              <value>
                <![CDATA[IIC048]]>
              </value>
            </param>
          </params>
        </test-method>
        <test-method status="PASS" signature="testXACML(com.sun.xacml.test.TestDescriptor)" name="testXACML" duration-ms="15" started-at="2012-02-24T12:39:48Z" finished-at="2012-02-24T12:39:48Z">
          <params>
            <param index="0">
              <value>
                <![CDATA[IIC049]]>
              </value>
            </param>
          </params>
        </test-method>
        <test-method status="PASS" signature="testXACML(com.sun.xacml.test.TestDescriptor)" name="testXACML" duration-ms="19" started-at="2012-02-24T12:39:48Z" finished-at="2012-02-24T12:39:48Z">
          <params>
            <param index="0">
              <value>
                <![CDATA[IIC050]]>
              </value>
            </param>
          </params>
        </test-method>
        <test-method status="PASS" signature="testXACML(com.sun.xacml.test.TestDescriptor)" name="testXACML" duration-ms="9" started-at="2012-02-24T12:39:48Z" finished-at="2012-02-24T12:39:48Z">
          <params>
            <param index="0">
              <value>
                <![CDATA[IIC051]]>
              </value>
            </param>
          </params>
        </test-method>
        <test-method status="PASS" signature="testXACML(com.sun.xacml.test.TestDescriptor)" name="testXACML" duration-ms="9" started-at="2012-02-24T12:39:48Z" finished-at="2012-02-24T12:39:48Z">
          <params>
            <param index="0">
              <value>
                <![CDATA[IIC052]]>
              </value>
            </param>
          </params>
        </test-method>
        <test-method status="PASS" signature="testXACML(com.sun.xacml.test.TestDescriptor)" name="testXACML" duration-ms="47" started-at="2012-02-24T12:39:48Z" finished-at="2012-02-24T12:39:48Z">
          <params>
            <param index="0">
              <value>
                <![CDATA[IIC053]]>
              </value>
            </param>
          </params>
        </test-method>
        <test-method status="PASS" signature="testXACML(com.sun.xacml.test.TestDescriptor)" name="testXACML" duration-ms="12" started-at="2012-02-24T12:39:48Z" finished-at="2012-02-24T12:39:48Z">
          <params>
            <param index="0">
              <value>
                <![CDATA[IIC056]]>
              </value>
            </param>
          </params>
        </test-method>
        <test-method status="PASS" signature="testXACML(com.sun.xacml.test.TestDescriptor)" name="testXACML" duration-ms="9" started-at="2012-02-24T12:39:48Z" finished-at="2012-02-24T12:39:48Z">
          <params>
            <param index="0">
              <value>
                <![CDATA[IIC057]]>
              </value>
            </param>
          </params>
        </test-method>
        <test-method status="PASS" signature="testXACML(com.sun.xacml.test.TestDescriptor)" name="testXACML" duration-ms="11" started-at="2012-02-24T12:39:48Z" finished-at="2012-02-24T12:39:48Z">
          <params>
            <param index="0">
              <value>
                <![CDATA[IIC058]]>
              </value>
            </param>
          </params>
        </test-method>
        <test-method status="PASS" signature="testXACML(com.sun.xacml.test.TestDescriptor)" name="testXACML" duration-ms="8" started-at="2012-02-24T12:39:48Z" finished-at="2012-02-24T12:39:48Z">
          <params>
            <param index="0">
              <value>
                <![CDATA[IIC059]]>
              </value>
            </param>
          </params>
        </test-method>
        <test-method status="PASS" signature="testXACML(com.sun.xacml.test.TestDescriptor)" name="testXACML" duration-ms="7" started-at="2012-02-24T12:39:48Z" finished-at="2012-02-24T12:39:48Z">
          <params>
            <param index="0">
              <value>
                <![CDATA[IIC060]]>
              </value>
            </param>
          </params>
        </test-method>
        <test-method status="PASS" signature="testXACML(com.sun.xacml.test.TestDescriptor)" name="testXACML" duration-ms="20" started-at="2012-02-24T12:39:48Z" finished-at="2012-02-24T12:39:48Z">
          <params>
            <param index="0">
              <value>
                <![CDATA[IIC061]]>
              </value>
            </param>
          </params>
        </test-method>
        <test-method status="PASS" signature="testXACML(com.sun.xacml.test.TestDescriptor)" name="testXACML" duration-ms="7" started-at="2012-02-24T12:39:48Z" finished-at="2012-02-24T12:39:48Z">
          <params>
            <param index="0">
              <value>
                <![CDATA[IIC062]]>
              </value>
            </param>
          </params>
        </test-method>
        <test-method status="PASS" signature="testXACML(com.sun.xacml.test.TestDescriptor)" name="testXACML" duration-ms="24" started-at="2012-02-24T12:39:48Z" finished-at="2012-02-24T12:39:48Z">
          <params>
            <param index="0">
              <value>
                <![CDATA[IIC063]]>
              </value>
            </param>
          </params>
        </test-method>
        <test-method status="PASS" signature="testXACML(com.sun.xacml.test.TestDescriptor)" name="testXACML" duration-ms="7" started-at="2012-02-24T12:39:48Z" finished-at="2012-02-24T12:39:48Z">
          <params>
            <param index="0">
              <value>
                <![CDATA[IIC064]]>
              </value>
            </param>
          </params>
        </test-method>
        <test-method status="PASS" signature="testXACML(com.sun.xacml.test.TestDescriptor)" name="testXACML" duration-ms="10" started-at="2012-02-24T12:39:48Z" finished-at="2012-02-24T12:39:48Z">
          <params>
            <param index="0">
              <value>
                <![CDATA[IIC065]]>
              </value>
            </param>
          </params>
        </test-method>
        <test-method status="PASS" signature="testXACML(com.sun.xacml.test.TestDescriptor)" name="testXACML" duration-ms="14" started-at="2012-02-24T12:39:48Z" finished-at="2012-02-24T12:39:48Z">
          <params>
            <param index="0">
              <value>
                <![CDATA[IIC066]]>
              </value>
            </param>
          </params>
        </test-method>
        <test-method status="PASS" signature="testXACML(com.sun.xacml.test.TestDescriptor)" name="testXACML" duration-ms="12" started-at="2012-02-24T12:39:48Z" finished-at="2012-02-24T12:39:48Z">
          <params>
            <param index="0">
              <value>
                <![CDATA[IIC067]]>
              </value>
            </param>
          </params>
        </test-method>
        <test-method status="PASS" signature="testXACML(com.sun.xacml.test.TestDescriptor)" name="testXACML" duration-ms="7" started-at="2012-02-24T12:39:48Z" finished-at="2012-02-24T12:39:48Z">
          <params>
            <param index="0">
              <value>
                <![CDATA[IIC068]]>
              </value>
            </param>
          </params>
        </test-method>
        <test-method status="PASS" signature="testXACML(com.sun.xacml.test.TestDescriptor)" name="testXACML" duration-ms="6" started-at="2012-02-24T12:39:48Z" finished-at="2012-02-24T12:39:48Z">
          <params>
            <param index="0">
              <value>
                <![CDATA[IIC069]]>
              </value>
            </param>
          </params>
        </test-method>
        <test-method status="PASS" signature="testXACML(com.sun.xacml.test.TestDescriptor)" name="testXACML" duration-ms="7" started-at="2012-02-24T12:39:48Z" finished-at="2012-02-24T12:39:48Z">
          <params>
            <param index="0">
              <value>
                <![CDATA[IIC070]]>
              </value>
            </param>
          </params>
        </test-method>
        <test-method status="PASS" signature="testXACML(com.sun.xacml.test.TestDescriptor)" name="testXACML" duration-ms="7" started-at="2012-02-24T12:39:48Z" finished-at="2012-02-24T12:39:48Z">
          <params>
            <param index="0">
              <value>
                <![CDATA[IIC071]]>
              </value>
            </param>
          </params>
        </test-method>
        <test-method status="PASS" signature="testXACML(com.sun.xacml.test.TestDescriptor)" name="testXACML" duration-ms="6" started-at="2012-02-24T12:39:48Z" finished-at="2012-02-24T12:39:48Z">
          <params>
            <param index="0">
              <value>
                <![CDATA[IIC072]]>
              </value>
            </param>
          </params>
        </test-method>
        <test-method status="PASS" signature="testXACML(com.sun.xacml.test.TestDescriptor)" name="testXACML" duration-ms="14" started-at="2012-02-24T12:39:48Z" finished-at="2012-02-24T12:39:48Z">
          <params>
            <param index="0">
              <value>
                <![CDATA[IIC073]]>
              </value>
            </param>
          </params>
        </test-method>
        <test-method status="PASS" signature="testXACML(com.sun.xacml.test.TestDescriptor)" name="testXACML" duration-ms="7" started-at="2012-02-24T12:39:48Z" finished-at="2012-02-24T12:39:48Z">
          <params>
            <param index="0">
              <value>
                <![CDATA[IIC074]]>
              </value>
            </param>
          </params>
        </test-method>
        <test-method status="PASS" signature="testXACML(com.sun.xacml.test.TestDescriptor)" name="testXACML" duration-ms="6" started-at="2012-02-24T12:39:48Z" finished-at="2012-02-24T12:39:48Z">
          <params>
            <param index="0">
              <value>
                <![CDATA[IIC075]]>
              </value>
            </param>
          </params>
        </test-method>
        <test-method status="PASS" signature="testXACML(com.sun.xacml.test.TestDescriptor)" name="testXACML" duration-ms="9" started-at="2012-02-24T12:39:48Z" finished-at="2012-02-24T12:39:48Z">
          <params>
            <param index="0">
              <value>
                <![CDATA[IIC076]]>
              </value>
            </param>
          </params>
        </test-method>
        <test-method status="PASS" signature="testXACML(com.sun.xacml.test.TestDescriptor)" name="testXACML" duration-ms="6" started-at="2012-02-24T12:39:48Z" finished-at="2012-02-24T12:39:48Z">
          <params>
            <param index="0">
              <value>
                <![CDATA[IIC077]]>
              </value>
            </param>
          </params>
        </test-method>
        <test-method status="PASS" signature="testXACML(com.sun.xacml.test.TestDescriptor)" name="testXACML" duration-ms="7" started-at="2012-02-24T12:39:48Z" finished-at="2012-02-24T12:39:48Z">
          <params>
            <param index="0">
              <value>
                <![CDATA[IIC078]]>
              </value>
            </param>
          </params>
        </test-method>
        <test-method status="PASS" signature="testXACML(com.sun.xacml.test.TestDescriptor)" name="testXACML" duration-ms="7" started-at="2012-02-24T12:39:48Z" finished-at="2012-02-24T12:39:48Z">
          <params>
            <param index="0">
              <value>
                <![CDATA[IIC079]]>
              </value>
            </param>
          </params>
        </test-method>
        <test-method status="PASS" signature="testXACML(com.sun.xacml.test.TestDescriptor)" name="testXACML" duration-ms="7" started-at="2012-02-24T12:39:48Z" finished-at="2012-02-24T12:39:48Z">
          <params>
            <param index="0">
              <value>
                <![CDATA[IIC080]]>
              </value>
            </param>
          </params>
        </test-method>
        <test-method status="PASS" signature="testXACML(com.sun.xacml.test.TestDescriptor)" name="testXACML" duration-ms="6" started-at="2012-02-24T12:39:48Z" finished-at="2012-02-24T12:39:48Z">
          <params>
            <param index="0">
              <value>
                <![CDATA[IIC081]]>
              </value>
            </param>
          </params>
        </test-method>
        <test-method status="PASS" signature="testXACML(com.sun.xacml.test.TestDescriptor)" name="testXACML" duration-ms="5" started-at="2012-02-24T12:39:48Z" finished-at="2012-02-24T12:39:48Z">
          <params>
            <param index="0">
              <value>
                <![CDATA[IIC082]]>
              </value>
            </param>
          </params>
        </test-method>
        <test-method status="PASS" signature="testXACML(com.sun.xacml.test.TestDescriptor)" name="testXACML" duration-ms="6" started-at="2012-02-24T12:39:48Z" finished-at="2012-02-24T12:39:48Z">
          <params>
            <param index="0">
              <value>
                <![CDATA[IIC083]]>
              </value>
            </param>
          </params>
        </test-method>
        <test-method status="PASS" signature="testXACML(com.sun.xacml.test.TestDescriptor)" name="testXACML" duration-ms="6" started-at="2012-02-24T12:39:48Z" finished-at="2012-02-24T12:39:48Z">
          <params>
            <param index="0">
              <value>
                <![CDATA[IIC084]]>
              </value>
            </param>
          </params>
        </test-method>
        <test-method status="PASS" signature="testXACML(com.sun.xacml.test.TestDescriptor)" name="testXACML" duration-ms="33" started-at="2012-02-24T12:39:48Z" finished-at="2012-02-24T12:39:48Z">
          <params>
            <param index="0">
              <value>
                <![CDATA[IIC085]]>
              </value>
            </param>
          </params>
        </test-method>
        <test-method status="PASS" signature="testXACML(com.sun.xacml.test.TestDescriptor)" name="testXACML" duration-ms="6" started-at="2012-02-24T12:39:48Z" finished-at="2012-02-24T12:39:48Z">
          <params>
            <param index="0">
              <value>
                <![CDATA[IIC086]]>
              </value>
            </param>
          </params>
        </test-method>
        <test-method status="PASS" signature="testXACML(com.sun.xacml.test.TestDescriptor)" name="testXACML" duration-ms="8" started-at="2012-02-24T12:39:48Z" finished-at="2012-02-24T12:39:48Z">
          <params>
            <param index="0">
              <value>
                <![CDATA[IIC087]]>
              </value>
            </param>
          </params>
        </test-method>
        <test-method status="PASS" signature="testXACML(com.sun.xacml.test.TestDescriptor)" name="testXACML" duration-ms="16" started-at="2012-02-24T12:39:48Z" finished-at="2012-02-24T12:39:48Z">
          <params>
            <param index="0">
              <value>
                <![CDATA[IIC090]]>
              </value>
            </param>
          </params>
        </test-method>
        <test-method status="PASS" signature="testXACML(com.sun.xacml.test.TestDescriptor)" name="testXACML" duration-ms="15" started-at="2012-02-24T12:39:48Z" finished-at="2012-02-24T12:39:48Z">
          <params>
            <param index="0">
              <value>
                <![CDATA[IIC091]]>
              </value>
            </param>
          </params>
        </test-method>
        <test-method status="PASS" signature="testXACML(com.sun.xacml.test.TestDescriptor)" name="testXACML" duration-ms="18" started-at="2012-02-24T12:39:48Z" finished-at="2012-02-24T12:39:48Z">
          <params>
            <param index="0">
              <value>
                <![CDATA[IIC094]]>
              </value>
            </param>
          </params>
        </test-method>
        <test-method status="PASS" signature="testXACML(com.sun.xacml.test.TestDescriptor)" name="testXACML" duration-ms="12" started-at="2012-02-24T12:39:48Z" finished-at="2012-02-24T12:39:48Z">
          <params>
            <param index="0">
              <value>
                <![CDATA[IIC095]]>
              </value>
            </param>
          </params>
        </test-method>
        <test-method status="PASS" signature="testXACML(com.sun.xacml.test.TestDescriptor)" name="testXACML" duration-ms="8" started-at="2012-02-24T12:39:48Z" finished-at="2012-02-24T12:39:48Z">
          <params>
            <param index="0">
              <value>
                <![CDATA[IIC096]]>
              </value>
            </param>
          </params>
        </test-method>
        <test-method status="PASS" signature="testXACML(com.sun.xacml.test.TestDescriptor)" name="testXACML" duration-ms="15" started-at="2012-02-24T12:39:48Z" finished-at="2012-02-24T12:39:48Z">
          <params>
            <param index="0">
              <value>
                <![CDATA[IIC097]]>
              </value>
            </param>
          </params>
        </test-method>
        <test-method status="PASS" signature="testXACML(com.sun.xacml.test.TestDescriptor)" name="testXACML" duration-ms="8" started-at="2012-02-24T12:39:48Z" finished-at="2012-02-24T12:39:48Z">
          <params>
            <param index="0">
              <value>
                <![CDATA[IIC100]]>
              </value>
            </param>
          </params>
        </test-method>
        <test-method status="PASS" signature="testXACML(com.sun.xacml.test.TestDescriptor)" name="testXACML" duration-ms="6" started-at="2012-02-24T12:39:48Z" finished-at="2012-02-24T12:39:48Z">
          <params>
            <param index="0">
              <value>
                <![CDATA[IIC101]]>
              </value>
            </param>
          </params>
        </test-method>
        <test-method status="PASS" signature="testXACML(com.sun.xacml.test.TestDescriptor)" name="testXACML" duration-ms="61" started-at="2012-02-24T12:39:48Z" finished-at="2012-02-24T12:39:48Z">
          <params>
            <param index="0">
              <value>
                <![CDATA[IIC102]]>
              </value>
            </param>
          </params>
        </test-method>
        <test-method status="PASS" signature="testXACML(com.sun.xacml.test.TestDescriptor)" name="testXACML" duration-ms="8" started-at="2012-02-24T12:39:48Z" finished-at="2012-02-24T12:39:48Z">
          <params>
            <param index="0">
              <value>
                <![CDATA[IIC103]]>
              </value>
            </param>
          </params>
        </test-method>
        <test-method status="PASS" signature="testXACML(com.sun.xacml.test.TestDescriptor)" name="testXACML" duration-ms="15" started-at="2012-02-24T12:39:48Z" finished-at="2012-02-24T12:39:48Z">
          <params>
            <param index="0">
              <value>
                <![CDATA[IIC104]]>
              </value>
            </param>
          </params>
        </test-method>
        <test-method status="PASS" signature="testXACML(com.sun.xacml.test.TestDescriptor)" name="testXACML" duration-ms="14" started-at="2012-02-24T12:39:48Z" finished-at="2012-02-24T12:39:48Z">
          <params>
            <param index="0">
              <value>
                <![CDATA[IIC105]]>
              </value>
            </param>
          </params>
        </test-method>
        <test-method status="PASS" signature="testXACML(com.sun.xacml.test.TestDescriptor)" name="testXACML" duration-ms="29" started-at="2012-02-24T12:39:48Z" finished-at="2012-02-24T12:39:48Z">
          <params>
            <param index="0">
              <value>
                <![CDATA[IIC106]]>
              </value>
            </param>
          </params>
        </test-method>
        <test-method status="PASS" signature="testXACML(com.sun.xacml.test.TestDescriptor)" name="testXACML" duration-ms="16" started-at="2012-02-24T12:39:48Z" finished-at="2012-02-24T12:39:48Z">
          <params>
            <param index="0">
              <value>
                <![CDATA[IIC107]]>
              </value>
            </param>
          </params>
        </test-method>
        <test-method status="PASS" signature="testXACML(com.sun.xacml.test.TestDescriptor)" name="testXACML" duration-ms="7" started-at="2012-02-24T12:39:48Z" finished-at="2012-02-24T12:39:48Z">
          <params>
            <param index="0">
              <value>
                <![CDATA[IIC108]]>
              </value>
            </param>
          </params>
        </test-method>
        <test-method status="PASS" signature="testXACML(com.sun.xacml.test.TestDescriptor)" name="testXACML" duration-ms="13" started-at="2012-02-24T12:39:48Z" finished-at="2012-02-24T12:39:48Z">
          <params>
            <param index="0">
              <value>
                <![CDATA[IIC109]]>
              </value>
            </param>
          </params>
        </test-method>
        <test-method status="PASS" signature="testXACML(com.sun.xacml.test.TestDescriptor)" name="testXACML" duration-ms="11" started-at="2012-02-24T12:39:48Z" finished-at="2012-02-24T12:39:48Z">
          <params>
            <param index="0">
              <value>
                <![CDATA[IIC110]]>
              </value>
            </param>
          </params>
        </test-method>
        <test-method status="PASS" signature="testXACML(com.sun.xacml.test.TestDescriptor)" name="testXACML" duration-ms="5" started-at="2012-02-24T12:39:48Z" finished-at="2012-02-24T12:39:48Z">
          <params>
            <param index="0">
              <value>
                <![CDATA[IIC111]]>
              </value>
            </param>
          </params>
        </test-method>
        <test-method status="PASS" signature="testXACML(com.sun.xacml.test.TestDescriptor)" name="testXACML" duration-ms="26" started-at="2012-02-24T12:39:48Z" finished-at="2012-02-24T12:39:48Z">
          <params>
            <param index="0">
              <value>
                <![CDATA[IIC112]]>
              </value>
            </param>
          </params>
        </test-method>
        <test-method status="PASS" signature="testXACML(com.sun.xacml.test.TestDescriptor)" name="testXACML" duration-ms="5" started-at="2012-02-24T12:39:48Z" finished-at="2012-02-24T12:39:48Z">
          <params>
            <param index="0">
              <value>
                <![CDATA[IIC113]]>
              </value>
            </param>
          </params>
        </test-method>
        <test-method status="PASS" signature="testXACML(com.sun.xacml.test.TestDescriptor)" name="testXACML" duration-ms="7" started-at="2012-02-24T12:39:48Z" finished-at="2012-02-24T12:39:48Z">
          <params>
            <param index="0">
              <value>
                <![CDATA[IIC114]]>
              </value>
            </param>
          </params>
        </test-method>
        <test-method status="PASS" signature="testXACML(com.sun.xacml.test.TestDescriptor)" name="testXACML" duration-ms="12" started-at="2012-02-24T12:39:48Z" finished-at="2012-02-24T12:39:48Z">
          <params>
            <param index="0">
              <value>
                <![CDATA[IIC115]]>
              </value>
            </param>
          </params>
        </test-method>
        <test-method status="PASS" signature="testXACML(com.sun.xacml.test.TestDescriptor)" name="testXACML" duration-ms="5" started-at="2012-02-24T12:39:48Z" finished-at="2012-02-24T12:39:48Z">
          <params>
            <param index="0">
              <value>
                <![CDATA[IIC116]]>
              </value>
            </param>
          </params>
        </test-method>
        <test-method status="PASS" signature="testXACML(com.sun.xacml.test.TestDescriptor)" name="testXACML" duration-ms="6" started-at="2012-02-24T12:39:48Z" finished-at="2012-02-24T12:39:48Z">
          <params>
            <param index="0">
              <value>
                <![CDATA[IIC117]]>
              </value>
            </param>
          </params>
        </test-method>
        <test-method status="PASS" signature="testXACML(com.sun.xacml.test.TestDescriptor)" name="testXACML" duration-ms="6" started-at="2012-02-24T12:39:48Z" finished-at="2012-02-24T12:39:48Z">
          <params>
            <param index="0">
              <value>
                <![CDATA[IIC118]]>
              </value>
            </param>
          </params>
        </test-method>
        <test-method status="PASS" signature="testXACML(com.sun.xacml.test.TestDescriptor)" name="testXACML" duration-ms="6" started-at="2012-02-24T12:39:48Z" finished-at="2012-02-24T12:39:48Z">
          <params>
            <param index="0">
              <value>
                <![CDATA[IIC119]]>
              </value>
            </param>
          </params>
        </test-method>
        <test-method status="PASS" signature="testXACML(com.sun.xacml.test.TestDescriptor)" name="testXACML" duration-ms="7" started-at="2012-02-24T12:39:48Z" finished-at="2012-02-24T12:39:48Z">
          <params>
            <param index="0">
              <value>
                <![CDATA[IIC120]]>
              </value>
            </param>
          </params>
        </test-method>
        <test-method status="PASS" signature="testXACML(com.sun.xacml.test.TestDescriptor)" name="testXACML" duration-ms="5" started-at="2012-02-24T12:39:48Z" finished-at="2012-02-24T12:39:48Z">
          <params>
            <param index="0">
              <value>
                <![CDATA[IIC121]]>
              </value>
            </param>
          </params>
        </test-method>
        <test-method status="PASS" signature="testXACML(com.sun.xacml.test.TestDescriptor)" name="testXACML" duration-ms="6" started-at="2012-02-24T12:39:48Z" finished-at="2012-02-24T12:39:48Z">
          <params>
            <param index="0">
              <value>
                <![CDATA[IIC122]]>
              </value>
            </param>
          </params>
        </test-method>
        <test-method status="PASS" signature="testXACML(com.sun.xacml.test.TestDescriptor)" name="testXACML" duration-ms="8" started-at="2012-02-24T12:39:48Z" finished-at="2012-02-24T12:39:48Z">
          <params>
            <param index="0">
              <value>
                <![CDATA[IIC123]]>
              </value>
            </param>
          </params>
        </test-method>
        <test-method status="PASS" signature="testXACML(com.sun.xacml.test.TestDescriptor)" name="testXACML" duration-ms="6" started-at="2012-02-24T12:39:48Z" finished-at="2012-02-24T12:39:48Z">
          <params>
            <param index="0">
              <value>
                <![CDATA[IIC124]]>
              </value>
            </param>
          </params>
        </test-method>
        <test-method status="PASS" signature="testXACML(com.sun.xacml.test.TestDescriptor)" name="testXACML" duration-ms="5" started-at="2012-02-24T12:39:48Z" finished-at="2012-02-24T12:39:48Z">
          <params>
            <param index="0">
              <value>
                <![CDATA[IIC125]]>
              </value>
            </param>
          </params>
        </test-method>
        <test-method status="PASS" signature="testXACML(com.sun.xacml.test.TestDescriptor)" name="testXACML" duration-ms="6" started-at="2012-02-24T12:39:48Z" finished-at="2012-02-24T12:39:48Z">
          <params>
            <param index="0">
              <value>
                <![CDATA[IIC126]]>
              </value>
            </param>
          </params>
        </test-method>
        <test-method status="PASS" signature="testXACML(com.sun.xacml.test.TestDescriptor)" name="testXACML" duration-ms="5" started-at="2012-02-24T12:39:48Z" finished-at="2012-02-24T12:39:48Z">
          <params>
            <param index="0">
              <value>
                <![CDATA[IIC127]]>
              </value>
            </param>
          </params>
        </test-method>
        <test-method status="PASS" signature="testXACML(com.sun.xacml.test.TestDescriptor)" name="testXACML" duration-ms="5" started-at="2012-02-24T12:39:48Z" finished-at="2012-02-24T12:39:48Z">
          <params>
            <param index="0">
              <value>
                <![CDATA[IIC128]]>
              </value>
            </param>
          </params>
        </test-method>
        <test-method status="PASS" signature="testXACML(com.sun.xacml.test.TestDescriptor)" name="testXACML" duration-ms="5" started-at="2012-02-24T12:39:48Z" finished-at="2012-02-24T12:39:48Z">
          <params>
            <param index="0">
              <value>
                <![CDATA[IIC129]]>
              </value>
            </param>
          </params>
        </test-method>
        <test-method status="PASS" signature="testXACML(com.sun.xacml.test.TestDescriptor)" name="testXACML" duration-ms="6" started-at="2012-02-24T12:39:48Z" finished-at="2012-02-24T12:39:48Z">
          <params>
            <param index="0">
              <value>
                <![CDATA[IIC130]]>
              </value>
            </param>
          </params>
        </test-method>
        <test-method status="PASS" signature="testXACML(com.sun.xacml.test.TestDescriptor)" name="testXACML" duration-ms="4" started-at="2012-02-24T12:39:48Z" finished-at="2012-02-24T12:39:48Z">
          <params>
            <param index="0">
              <value>
                <![CDATA[IIC131]]>
              </value>
            </param>
          </params>
        </test-method>
        <test-method status="PASS" signature="testXACML(com.sun.xacml.test.TestDescriptor)" name="testXACML" duration-ms="7" started-at="2012-02-24T12:39:48Z" finished-at="2012-02-24T12:39:48Z">
          <params>
            <param index="0">
              <value>
                <![CDATA[IIC132]]>
              </value>
            </param>
          </params>
        </test-method>
        <test-method status="PASS" signature="testXACML(com.sun.xacml.test.TestDescriptor)" name="testXACML" duration-ms="7" started-at="2012-02-24T12:39:48Z" finished-at="2012-02-24T12:39:48Z">
          <params>
            <param index="0">
              <value>
                <![CDATA[IIC133]]>
              </value>
            </param>
          </params>
        </test-method>
        <test-method status="PASS" signature="testXACML(com.sun.xacml.test.TestDescriptor)" name="testXACML" duration-ms="7" started-at="2012-02-24T12:39:48Z" finished-at="2012-02-24T12:39:48Z">
          <params>
            <param index="0">
              <value>
                <![CDATA[IIC134]]>
              </value>
            </param>
          </params>
        </test-method>
        <test-method status="PASS" signature="testXACML(com.sun.xacml.test.TestDescriptor)" name="testXACML" duration-ms="10" started-at="2012-02-24T12:39:48Z" finished-at="2012-02-24T12:39:48Z">
          <params>
            <param index="0">
              <value>
                <![CDATA[IIC135]]>
              </value>
            </param>
          </params>
        </test-method>
        <test-method status="PASS" signature="testXACML(com.sun.xacml.test.TestDescriptor)" name="testXACML" duration-ms="9" started-at="2012-02-24T12:39:48Z" finished-at="2012-02-24T12:39:48Z">
          <params>
            <param index="0">
              <value>
                <![CDATA[IIC136]]>
              </value>
            </param>
          </params>
        </test-method>
        <test-method status="PASS" signature="testXACML(com.sun.xacml.test.TestDescriptor)" name="testXACML" duration-ms="12" started-at="2012-02-24T12:39:48Z" finished-at="2012-02-24T12:39:48Z">
          <params>
            <param index="0">
              <value>
                <![CDATA[IIC137]]>
              </value>
            </param>
          </params>
        </test-method>
        <test-method status="PASS" signature="testXACML(com.sun.xacml.test.TestDescriptor)" name="testXACML" duration-ms="11" started-at="2012-02-24T12:39:49Z" finished-at="2012-02-24T12:39:49Z">
          <params>
            <param index="0">
              <value>
                <![CDATA[IIC138]]>
              </value>
            </param>
          </params>
        </test-method>
        <test-method status="PASS" signature="testXACML(com.sun.xacml.test.TestDescriptor)" name="testXACML" duration-ms="7" started-at="2012-02-24T12:39:49Z" finished-at="2012-02-24T12:39:49Z">
          <params>
            <param index="0">
              <value>
                <![CDATA[IIC139]]>
              </value>
            </param>
          </params>
        </test-method>
        <test-method status="PASS" signature="testXACML(com.sun.xacml.test.TestDescriptor)" name="testXACML" duration-ms="6" started-at="2012-02-24T12:39:49Z" finished-at="2012-02-24T12:39:49Z">
          <params>
            <param index="0">
              <value>
                <![CDATA[IIC140]]>
              </value>
            </param>
[...]
            </param>
          </params>
        </test-method>
        <test-method status="PASS" signature="testXACML(com.sun.xacml.test.TestDescriptor)" name="testXACML" duration-ms="48" started-at="2012-02-24T12:39:50Z" finished-at="2012-02-24T12:39:50Z">
          <params>
            <param index="0">
              <value>
                <![CDATA[IID021]]>
              </value>
            </param>
          </params>
        </test-method>
        <test-method status="PASS" signature="testXACML(com.sun.xacml.test.TestDescriptor)" name="testXACML" duration-ms="60" started-at="2012-02-24T12:39:50Z" finished-at="2012-02-24T12:39:50Z">
          <params>
            <param index="0">
              <value>
                <![CDATA[IID022]]>
              </value>
            </param>
          </params>
        </test-method>
        <test-method status="PASS" signature="testXACML(com.sun.xacml.test.TestDescriptor)" name="testXACML" duration-ms="6" started-at="2012-02-24T12:39:50Z" finished-at="2012-02-24T12:39:50Z">
          <params>
            <param index="0">
              <value>
                <![CDATA[IID023]]>
              </value>
            </param>
          </params>
        </test-method>
        <test-method status="PASS" signature="testXACML(com.sun.xacml.test.TestDescriptor)" name="testXACML" duration-ms="51" started-at="2012-02-24T12:39:50Z" finished-at="2012-02-24T12:39:50Z">
          <params>
            <param index="0">
              <value>
                <![CDATA[IID024]]>
              </value>
            </param>
          </params>
        </test-method>
        <test-method status="PASS" signature="testXACML(com.sun.xacml.test.TestDescriptor)" name="testXACML" duration-ms="32" started-at="2012-02-24T12:39:50Z" finished-at="2012-02-24T12:39:50Z">
          <params>
            <param index="0">
              <value>
                <![CDATA[IID025]]>
              </value>
            </param>
          </params>
        </test-method>
        <test-method status="PASS" signature="testXACML(com.sun.xacml.test.TestDescriptor)" name="testXACML" duration-ms="99" started-at="2012-02-24T12:39:50Z" finished-at="2012-02-24T12:39:50Z">
          <params>
            <param index="0">
              <value>
                <![CDATA[IID026]]>
              </value>
            </param>
          </params>
        </test-method>
        <test-method status="PASS" signature="testXACML(com.sun.xacml.test.TestDescriptor)" name="testXACML" duration-ms="7" started-at="2012-02-24T12:39:50Z" finished-at="2012-02-24T12:39:50Z">
          <params>
            <param index="0">
              <value>
                <![CDATA[IID027]]>
              </value>
            </param>
          </params>
        </test-method>
        <test-method status="PASS" signature="testXACML(com.sun.xacml.test.TestDescriptor)" name="testXACML" duration-ms="7" started-at="2012-02-24T12:39:50Z" finished-at="2012-02-24T12:39:50Z">
          <params>
            <param index="0">
              <value>
                <![CDATA[IID028]]>
              </value>
            </param>
          </params>
        </test-method>
        <test-method status="PASS" signature="testXACML(com.sun.xacml.test.TestDescriptor)" name="testXACML" duration-ms="9" started-at="2012-02-24T12:39:50Z" finished-at="2012-02-24T12:39:50Z">
          <params>
            <param index="0">
              <value>
                <![CDATA[IID029]]>
              </value>
            </param>
          </params>
        </test-method>
        <test-method status="PASS" signature="testXACML(com.sun.xacml.test.TestDescriptor)" name="testXACML" duration-ms="16" started-at="2012-02-24T12:39:50Z" finished-at="2012-02-24T12:39:50Z">
          <params>
            <param index="0">
              <value>
                <![CDATA[IID030]]>
              </value>
            </param>
          </params>
        </test-method>
        <test-method status="PASS" signature="testXACML(com.sun.xacml.test.TestDescriptor)" name="testXACML" duration-ms="15" started-at="2012-02-24T12:39:50Z" finished-at="2012-02-24T12:39:50Z">
          <params>
            <param index="0">
              <value>
                <![CDATA[IIE001]]>
              </value>
            </param>
          </params>
        </test-method>
        <test-method status="PASS" signature="testXACML(com.sun.xacml.test.TestDescriptor)" name="testXACML" duration-ms="12" started-at="2012-02-24T12:39:50Z" finished-at="2012-02-24T12:39:50Z">
          <params>
            <param index="0">
              <value>
                <![CDATA[IIE002]]>
              </value>
            </param>
          </params>
        </test-method>
        <test-method status="PASS" signature="testXACML(com.sun.xacml.test.TestDescriptor)" name="testXACML" duration-ms="40" started-at="2012-02-24T12:39:50Z" finished-at="2012-02-24T12:39:50Z">
          <params>
            <param index="0">
              <value>
                <![CDATA[IIE003]]>
              </value>
            </param>
          </params>
        </test-method>
        <test-method status="PASS" signature="testXACML(com.sun.xacml.test.TestDescriptor)" name="testXACML" duration-ms="10" started-at="2012-02-24T12:39:50Z" finished-at="2012-02-24T12:39:50Z">
          <params>
            <param index="0">
              <value>
                <![CDATA[IIIA001]]>
              </value>
            </param>
          </params>
        </test-method>
        <test-method status="PASS" signature="testXACML(com.sun.xacml.test.TestDescriptor)" name="testXACML" duration-ms="24" started-at="2012-02-24T12:39:50Z" finished-at="2012-02-24T12:39:50Z">
          <params>
            <param index="0">
              <value>
                <![CDATA[IIIA002]]>
              </value>
            </param>
          </params>
        </test-method>
        <test-method status="PASS" signature="testXACML(com.sun.xacml.test.TestDescriptor)" name="testXACML" duration-ms="8" started-at="2012-02-24T12:39:50Z" finished-at="2012-02-24T12:39:50Z">
          <params>
            <param index="0">
              <value>
                <![CDATA[IIIA003]]>
              </value>
            </param>
          </params>
        </test-method>
        <test-method status="PASS" signature="testXACML(com.sun.xacml.test.TestDescriptor)" name="testXACML" duration-ms="26" started-at="2012-02-24T12:39:50Z" finished-at="2012-02-24T12:39:50Z">
          <params>
            <param index="0">
              <value>
                <![CDATA[IIIA004]]>
              </value>
            </param>
          </params>
        </test-method>
        <test-method status="PASS" signature="testXACML(com.sun.xacml.test.TestDescriptor)" name="testXACML" duration-ms="11" started-at="2012-02-24T12:39:50Z" finished-at="2012-02-24T12:39:50Z">
          <params>
            <param index="0">
              <value>
                <![CDATA[IIIA005]]>
              </value>
            </param>
          </params>
        </test-method>
        <test-method status="PASS" signature="testXACML(com.sun.xacml.test.TestDescriptor)" name="testXACML" duration-ms="14" started-at="2012-02-24T12:39:50Z" finished-at="2012-02-24T12:39:50Z">
          <params>
            <param index="0">
              <value>
                <![CDATA[IIIA006]]>
              </value>
            </param>
          </params>
        </test-method>
        <test-method status="PASS" signature="testXACML(com.sun.xacml.test.TestDescriptor)" name="testXACML" duration-ms="6" started-at="2012-02-24T12:39:50Z" finished-at="2012-02-24T12:39:50Z">
          <params>
            <param index="0">
              <value>
                <![CDATA[IIIA007]]>
              </value>
            </param>
          </params>
        </test-method>
        <test-method status="PASS" signature="testXACML(com.sun.xacml.test.TestDescriptor)" name="testXACML" duration-ms="7" started-at="2012-02-24T12:39:50Z" finished-at="2012-02-24T12:39:50Z">
          <params>
            <param index="0">
              <value>
                <![CDATA[IIIA008]]>
              </value>
            </param>
          </params>
        </test-method>
        <test-method status="PASS" signature="testXACML(com.sun.xacml.test.TestDescriptor)" name="testXACML" duration-ms="6" started-at="2012-02-24T12:39:50Z" finished-at="2012-02-24T12:39:50Z">
          <params>
            <param index="0">
              <value>
                <![CDATA[IIIA009]]>
              </value>
            </param>
          </params>
        </test-method>
        <test-method status="PASS" signature="testXACML(com.sun.xacml.test.TestDescriptor)" name="testXACML" duration-ms="22" started-at="2012-02-24T12:39:50Z" finished-at="2012-02-24T12:39:50Z">
          <params>
            <param index="0">
              <value>
                <![CDATA[IIIA010]]>
              </value>
            </param>
          </params>
        </test-method>
        <test-method status="PASS" signature="testXACML(com.sun.xacml.test.TestDescriptor)" name="testXACML" duration-ms="9" started-at="2012-02-24T12:39:50Z" finished-at="2012-02-24T12:39:50Z">
          <params>
            <param index="0">
              <value>
                <![CDATA[IIIA011]]>
              </value>
            </param>
          </params>
        </test-method>
        <test-method status="PASS" signature="testXACML(com.sun.xacml.test.TestDescriptor)" name="testXACML" duration-ms="7" started-at="2012-02-24T12:39:50Z" finished-at="2012-02-24T12:39:50Z">
          <params>
            <param index="0">
              <value>
                <![CDATA[IIIA012]]>
              </value>
            </param>
          </params>
        </test-method>
        <test-method status="PASS" signature="testXACML(com.sun.xacml.test.TestDescriptor)" name="testXACML" duration-ms="25" started-at="2012-02-24T12:39:50Z" finished-at="2012-02-24T12:39:50Z">
          <params>
            <param index="0">
              <value>
                <![CDATA[IIIA013]]>
              </value>
            </param>
          </params>
        </test-method>
        <test-method status="PASS" signature="testXACML(com.sun.xacml.test.TestDescriptor)" name="testXACML" duration-ms="49" started-at="2012-02-24T12:39:50Z" finished-at="2012-02-24T12:39:50Z">
          <params>
            <param index="0">
              <value>
                <![CDATA[IIIA014]]>
              </value>
            </param>
          </params>
        </test-method>
        <test-method status="PASS" signature="testXACML(com.sun.xacml.test.TestDescriptor)" name="testXACML" duration-ms="7" started-at="2012-02-24T12:39:50Z" finished-at="2012-02-24T12:39:50Z">
          <params>
            <param index="0">
              <value>
                <![CDATA[IIIA015]]>
              </value>
            </param>
          </params>
        </test-method>
        <test-method status="PASS" signature="testXACML(com.sun.xacml.test.TestDescriptor)" name="testXACML" duration-ms="51" started-at="2012-02-24T12:39:50Z" finished-at="2012-02-24T12:39:51Z">
          <params>
            <param index="0">
              <value>
                <![CDATA[IIIA016]]>
              </value>
            </param>
          </params>
        </test-method>
        <test-method status="PASS" signature="testXACML(com.sun.xacml.test.TestDescriptor)" name="testXACML" duration-ms="154" started-at="2012-02-24T12:39:51Z" finished-at="2012-02-24T12:39:51Z">
          <params>
            <param index="0">
              <value>
                <![CDATA[IIIA017]]>
              </value>
            </param>
          </params>
        </test-method>
        <test-method status="PASS" signature="testXACML(com.sun.xacml.test.TestDescriptor)" name="testXACML" duration-ms="19" started-at="2012-02-24T12:39:51Z" finished-at="2012-02-24T12:39:51Z">
          <params>
            <param index="0">
              <value>
                <![CDATA[IIIA018]]>
              </value>
            </param>
          </params>
        </test-method>
        <test-method status="PASS" signature="testXACML(com.sun.xacml.test.TestDescriptor)" name="testXACML" duration-ms="6" started-at="2012-02-24T12:39:51Z" finished-at="2012-02-24T12:39:51Z">
          <params>
            <param index="0">
              <value>
                <![CDATA[IIIA019]]>
              </value>
            </param>
          </params>
        </test-method>
        <test-method status="PASS" signature="testXACML(com.sun.xacml.test.TestDescriptor)" name="testXACML" duration-ms="8" started-at="2012-02-24T12:39:51Z" finished-at="2012-02-24T12:39:51Z">
          <params>
            <param index="0">
              <value>
                <![CDATA[IIIA020]]>
              </value>
            </param>
          </params>
        </test-method>
        <test-method status="PASS" signature="testXACML(com.sun.xacml.test.TestDescriptor)" name="testXACML" duration-ms="16" started-at="2012-02-24T12:39:51Z" finished-at="2012-02-24T12:39:51Z">
          <params>
            <param index="0">
              <value>
                <![CDATA[IIIA021]]>
              </value>
            </param>
          </params>
        </test-method>
        <test-method status="PASS" signature="testXACML(com.sun.xacml.test.TestDescriptor)" name="testXACML" duration-ms="28" started-at="2012-02-24T12:39:51Z" finished-at="2012-02-24T12:39:51Z">
          <params>
            <param index="0">
              <value>
                <![CDATA[IIIA022]]>
              </value>
            </param>
          </params>
        </test-method>
        <test-method status="PASS" signature="testXACML(com.sun.xacml.test.TestDescriptor)" name="testXACML" duration-ms="12" started-at="2012-02-24T12:39:51Z" finished-at="2012-02-24T12:39:51Z">
          <params>
            <param index="0">
              <value>
                <![CDATA[IIIA023]]>
              </value>
            </param>
          </params>
        </test-method>
        <test-method status="PASS" signature="testXACML(com.sun.xacml.test.TestDescriptor)" name="testXACML" duration-ms="7" started-at="2012-02-24T12:39:51Z" finished-at="2012-02-24T12:39:51Z">
          <params>
            <param index="0">
              <value>
                <![CDATA[IIIA024]]>
              </value>
            </param>
          </params>
        </test-method>
        <test-method status="PASS" signature="testXACML(com.sun.xacml.test.TestDescriptor)" name="testXACML" duration-ms="14" started-at="2012-02-24T12:39:51Z" finished-at="2012-02-24T12:39:51Z">
          <params>
            <param index="0">
              <value>
                <![CDATA[IIIA025]]>
              </value>
            </param>
          </params>
        </test-method>
        <test-method status="PASS" signature="testXACML(com.sun.xacml.test.TestDescriptor)" name="testXACML" duration-ms="23" started-at="2012-02-24T12:39:51Z" finished-at="2012-02-24T12:39:51Z">
          <params>
            <param index="0">
              <value>
                <![CDATA[IIIA026]]>
              </value>
            </param>
          </params>
        </test-method>
        <test-method status="PASS" signature="testXACML(com.sun.xacml.test.TestDescriptor)" name="testXACML" duration-ms="22" started-at="2012-02-24T12:39:51Z" finished-at="2012-02-24T12:39:51Z">
          <params>
            <param index="0">
              <value>
                <![CDATA[IIIA027]]>
              </value>
            </param>
          </params>
        </test-method>
        <test-method status="PASS" signature="testXACML(com.sun.xacml.test.TestDescriptor)" name="testXACML" duration-ms="9" started-at="2012-02-24T12:39:51Z" finished-at="2012-02-24T12:39:51Z">
          <params>
            <param index="0">
              <value>
                <![CDATA[IIIA028]]>
              </value>
            </param>
          </params>
        </test-method>
        <test-method status="PASS" signature="testXACML(com.sun.xacml.test.TestDescriptor)" name="testXACML" duration-ms="7" started-at="2012-02-24T12:39:51Z" finished-at="2012-02-24T12:39:51Z">
          <params>
            <param index="0">
              <value>
                <![CDATA[IIIC001]]>
              </value>
            </param>
          </params>
        </test-method>
        <test-method status="PASS" signature="testXACML(com.sun.xacml.test.TestDescriptor)" name="testXACML" duration-ms="11" started-at="2012-02-24T12:39:51Z" finished-at="2012-02-24T12:39:51Z">
          <params>
            <param index="0">
              <value>
                <![CDATA[IIIC002]]>
              </value>
            </param>
          </params>
        </test-method>
        <test-method status="PASS" signature="testXACML(com.sun.xacml.test.TestDescriptor)" name="testXACML" duration-ms="27" started-at="2012-02-24T12:39:51Z" finished-at="2012-02-24T12:39:51Z">
          <params>
            <param index="0">
              <value>
                <![CDATA[IIIC003]]>
              </value>
            </param>
          </params>
        </test-method>
        <test-method status="PASS" signature="testXACML(com.sun.xacml.test.TestDescriptor)" name="testXACML" duration-ms="524" started-at="2012-02-24T12:39:51Z" finished-at="2012-02-24T12:39:51Z">
          <params>
            <param index="0">
              <value>
                <![CDATA[IIIF001]]>
              </value>
            </param>
          </params>
        </test-method>
        <test-method status="PASS" signature="testXACML(com.sun.xacml.test.TestDescriptor)" name="testXACML" duration-ms="37" started-at="2012-02-24T12:39:51Z" finished-at="2012-02-24T12:39:51Z">
          <params>
            <param index="0">
              <value>
                <![CDATA[IIIF002]]>
              </value>
            </param>
          </params>
        </test-method>
        <test-method status="PASS" signature="testXACML(com.sun.xacml.test.TestDescriptor)" name="testXACML" duration-ms="25" started-at="2012-02-24T12:39:51Z" finished-at="2012-02-24T12:39:51Z">
          <params>
            <param index="0">
              <value>
                <![CDATA[IIIF003]]>
              </value>
            </param>
          </params>
        </test-method>
        <test-method status="PASS" signature="testXACML(com.sun.xacml.test.TestDescriptor)" name="testXACML" duration-ms="60" started-at="2012-02-24T12:39:51Z" finished-at="2012-02-24T12:39:52Z">
          <params>
            <param index="0">
              <value>
                <![CDATA[IIIF004]]>
              </value>
            </param>
          </params>
        </test-method>
        <test-method status="PASS" signature="testXACML(com.sun.xacml.test.TestDescriptor)" name="testXACML" duration-ms="29" started-at="2012-02-24T12:39:52Z" finished-at="2012-02-24T12:39:52Z">
          <params>
            <param index="0">
              <value>
                <![CDATA[IIIF005]]>
              </value>
            </param>
          </params>
        </test-method>
        <test-method status="PASS" signature="testXACML(com.sun.xacml.test.TestDescriptor)" name="testXACML" duration-ms="21" started-at="2012-02-24T12:39:52Z" finished-at="2012-02-24T12:39:52Z">
          <params>
            <param index="0">
              <value>
                <![CDATA[IIIF006]]>
              </value>
            </param>
          </params>
        </test-method>
        <test-method status="PASS" signature="testXACML(com.sun.xacml.test.TestDescriptor)" name="testXACML" duration-ms="42" started-at="2012-02-24T12:39:52Z" finished-at="2012-02-24T12:39:52Z">
          <params>
            <param index="0">
              <value>
                <![CDATA[IIIF007]]>
              </value>
            </param>
          </params>
        </test-method>
      </class>
    </test>
  </suite>
</testng-results>
