<?xml version="1.0" encoding="UTF-8" ?>
<testsuite failures="0" time="8.144" errors="0" skipped="0" tests="368" name="TestSuite">
  <properties>
[...]
</properties>
  <testcase time="0.839" classname="com.sun.xacml.test.ConformanceTest" name="testXACML"/>
  <testcase time="0.013" classname="com.sun.xacml.test.ConformanceTest" name="testXACML"/>
  <testcase time="0.046" classname="com.sun.xacml.test.ConformanceTest" name="testXACML"/>
  <testcase time="0.007" classname="com.sun.xacml.test.ConformanceTest" name="testXACML"/>
  <testcase time="0.011" classname="com.sun.xacml.test.ConformanceTest" name="testXACML"/>
  <testcase time="0.014" classname="com.sun.xacml.test.ConformanceTest" name="testXACML"/>
  <testcase time="0.023" classname="com.sun.xacml.test.ConformanceTest" name="testXACML"/>
  <testcase time="0.031" classname="com.sun.xacml.test.ConformanceTest" name="testXACML"/>
  <testcase time="0.015" classname="com.sun.xacml.test.ConformanceTest" name="testXACML"/>
  <testcase time="0.008" classname="com.sun.xacml.test.ConformanceTest" name="testXACML"/>
  <testcase time="0.007" classname="com.sun.xacml.test.ConformanceTest" name="testXACML"/>
  <testcase time="0.016" classname="com.sun.xacml.test.ConformanceTest" name="testXACML"/>
  <testcase time="0.014" classname="com.sun.xacml.test.ConformanceTest" name="testXACML"/>
  <testcase time="0.017" classname="com.sun.xacml.test.ConformanceTest" name="testXACML"/>
  <testcase time="0.015" classname="com.sun.xacml.test.ConformanceTest" name="testXACML"/>
  <testcase time="0.087" classname="com.sun.xacml.test.ConformanceTest" name="testXACML"/>
  <testcase time="0.008" classname="com.sun.xacml.test.ConformanceTest" name="testXACML"/>
  <testcase time="0.012" classname="com.sun.xacml.test.ConformanceTest" name="testXACML"/>
  <testcase time="0.007" classname="com.sun.xacml.test.ConformanceTest" name="testXACML"/>
  <testcase time="0.02" classname="com.sun.xacml.test.ConformanceTest" name="testXACML"/>
  <testcase time="0.007" classname="com.sun.xacml.test.ConformanceTest" name="testXACML"/>
  <testcase time="0.006" classname="com.sun.xacml.test.ConformanceTest" name="testXACML"/>
  <testcase time="0.007" classname="com.sun.xacml.test.ConformanceTest" name="testXACML"/>
  <testcase time="0.008" classname="com.sun.xacml.test.ConformanceTest" name="testXACML"/>
  <testcase time="0.01" classname="com.sun.xacml.test.ConformanceTest" name="testXACML"/>
  <testcase time="0.009" classname="com.sun.xacml.test.ConformanceTest" name="testXACML"/>
  <testcase time="0.01" classname="com.sun.xacml.test.ConformanceTest" name="testXACML"/>
  <testcase time="0.009" classname="com.sun.xacml.test.ConformanceTest" name="testXACML"/>
  <testcase time="0.009" classname="com.sun.xacml.test.ConformanceTest" name="testXACML"/>
  <testcase time="0.021" classname="com.sun.xacml.test.ConformanceTest" name="testXACML"/>
  <testcase time="0.009" classname="com.sun.xacml.test.ConformanceTest" name="testXACML"/>
  <testcase time="0.008" classname="com.sun.xacml.test.ConformanceTest" name="testXACML"/>
  <testcase time="0.01" classname="com.sun.xacml.test.ConformanceTest" name="testXACML"/>
  <testcase time="0.008" classname="com.sun.xacml.test.ConformanceTest" name="testXACML"/>
  <testcase time="0.1" classname="com.sun.xacml.test.ConformanceTest" name="testXACML"/>
  <testcase time="0.009" classname="com.sun.xacml.test.ConformanceTest" name="testXACML"/>
  <testcase time="0.014" classname="com.sun.xacml.test.ConformanceTest" name="testXACML"/>
  <testcase time="0.011" classname="com.sun.xacml.test.ConformanceTest" name="testXACML"/>
  <testcase time="0.01" classname="com.sun.xacml.test.ConformanceTest" name="testXACML"/>
  <testcase time="0.008" classname="com.sun.xacml.test.ConformanceTest" name="testXACML"/>
  <testcase time="0.01" classname="com.sun.xacml.test.ConformanceTest" name="testXACML"/>
  <testcase time="0.007" classname="com.sun.xacml.test.ConformanceTest" name="testXACML"/>
  <testcase time="0.017" classname="com.sun.xacml.test.ConformanceTest" name="testXACML"/>
  <testcase time="0.008" classname="com.sun.xacml.test.ConformanceTest" name="testXACML"/>
  <testcase time="0.009" classname="com.sun.xacml.test.ConformanceTest" name="testXACML"/>
  <testcase time="0.011" classname="com.sun.xacml.test.ConformanceTest" name="testXACML"/>
  <testcase time="0.027" classname="com.sun.xacml.test.ConformanceTest" name="testXACML"/>
  <testcase time="0.01" classname="com.sun.xacml.test.ConformanceTest" name="testXACML"/>
  <testcase time="0.019" classname="com.sun.xacml.test.ConformanceTest" name="testXACML"/>
  <testcase time="0.011" classname="com.sun.xacml.test.ConformanceTest" name="testXACML"/>
  <testcase time="0.01" classname="com.sun.xacml.test.ConformanceTest" name="testXACML"/>
  <testcase time="0.008" classname="com.sun.xacml.test.ConformanceTest" name="testXACML"/>
  <testcase time="0.008" classname="com.sun.xacml.test.ConformanceTest" name="testXACML"/>
  <testcase time="0.008" classname="com.sun.xacml.test.ConformanceTest" name="testXACML"/>
  <testcase time="0.008" classname="com.sun.xacml.test.ConformanceTest" name="testXACML"/>
  <testcase time="0.006" classname="com.sun.xacml.test.ConformanceTest" name="testXACML"/>
  <testcase time="0.008" classname="com.sun.xacml.test.ConformanceTest" name="testXACML"/>
  <testcase time="0.007" classname="com.sun.xacml.test.ConformanceTest" name="testXACML"/>
  <testcase time="0.012" classname="com.sun.xacml.test.ConformanceTest" name="testXACML"/>
  <testcase time="0.009" classname="com.sun.xacml.test.ConformanceTest" name="testXACML"/>
  <testcase time="0.013" classname="com.sun.xacml.test.ConformanceTest" name="testXACML"/>
  <testcase time="0.009" classname="com.sun.xacml.test.ConformanceTest" name="testXACML"/>
  <testcase time="0.009" classname="com.sun.xacml.test.ConformanceTest" name="testXACML"/>
  <testcase time="0.014" classname="com.sun.xacml.test.ConformanceTest" name="testXACML"/>
  <testcase time="0.009" classname="com.sun.xacml.test.ConformanceTest" name="testXACML"/>
  <testcase time="0.01" classname="com.sun.xacml.test.ConformanceTest" name="testXACML"/>
  <testcase time="0.008" classname="com.sun.xacml.test.ConformanceTest" name="testXACML"/>
  <testcase time="0.007" classname="com.sun.xacml.test.ConformanceTest" name="testXACML"/>
  <testcase time="0.008" classname="com.sun.xacml.test.ConformanceTest" name="testXACML"/>
  <testcase time="0.01" classname="com.sun.xacml.test.ConformanceTest" name="testXACML"/>
  <testcase time="0.008" classname="com.sun.xacml.test.ConformanceTest" name="testXACML"/>
  <testcase time="0.02" classname="com.sun.xacml.test.ConformanceTest" name="testXACML"/>
  <testcase time="0.014" classname="com.sun.xacml.test.ConformanceTest" name="testXACML"/>
  <testcase time="0.009" classname="com.sun.xacml.test.ConformanceTest" name="testXACML"/>
  <testcase time="0.008" classname="com.sun.xacml.test.ConformanceTest" name="testXACML"/>
  <testcase time="0.008" classname="com.sun.xacml.test.ConformanceTest" name="testXACML"/>
  <testcase time="0.007" classname="com.sun.xacml.test.ConformanceTest" name="testXACML"/>
  <testcase time="0.008" classname="com.sun.xacml.test.ConformanceTest" name="testXACML"/>
  <testcase time="0.008" classname="com.sun.xacml.test.ConformanceTest" name="testXACML"/>
  <testcase time="0.008" classname="com.sun.xacml.test.ConformanceTest" name="testXACML"/>
  <testcase time="0.014" classname="com.sun.xacml.test.ConformanceTest" name="testXACML"/>
  <testcase time="0.006" classname="com.sun.xacml.test.ConformanceTest" name="testXACML"/>
  <testcase time="0.011" classname="com.sun.xacml.test.ConformanceTest" name="testXACML"/>
  <testcase time="0.007" classname="com.sun.xacml.test.ConformanceTest" name="testXACML"/>
  <testcase time="0.007" classname="com.sun.xacml.test.ConformanceTest" name="testXACML"/>
  <testcase time="0.004" classname="com.sun.xacml.test.ConformanceTest" name="testXACML"/>
  <testcase time="0.009" classname="com.sun.xacml.test.ConformanceTest" name="testXACML"/>
  <testcase time="0.004" classname="com.sun.xacml.test.ConformanceTest" name="testXACML"/>
  <testcase time="0.021" classname="com.sun.xacml.test.ConformanceTest" name="testXACML"/>
  <testcase time="0.008" classname="com.sun.xacml.test.ConformanceTest" name="testXACML"/>
  <testcase time="0.016" classname="com.sun.xacml.test.ConformanceTest" name="testXACML"/>
  <testcase time="0.007" classname="com.sun.xacml.test.ConformanceTest" name="testXACML"/>
  <testcase time="0.007" classname="com.sun.xacml.test.ConformanceTest" name="testXACML"/>
  <testcase time="0.006" classname="com.sun.xacml.test.ConformanceTest" name="testXACML"/>
  <testcase time="0.006" classname="com.sun.xacml.test.ConformanceTest" name="testXACML"/>
  <testcase time="0.007" classname="com.sun.xacml.test.ConformanceTest" name="testXACML"/>
  <testcase time="0.007" classname="com.sun.xacml.test.ConformanceTest" name="testXACML"/>
  <testcase time="0.007" classname="com.sun.xacml.test.ConformanceTest" name="testXACML"/>
  <testcase time="0.017" classname="com.sun.xacml.test.ConformanceTest" name="testXACML"/>
  <testcase time="0.012" classname="com.sun.xacml.test.ConformanceTest" name="testXACML"/>
  <testcase time="0.008" classname="com.sun.xacml.test.ConformanceTest" name="testXACML"/>
  <testcase time="0.019" classname="com.sun.xacml.test.ConformanceTest" name="testXACML"/>
  <testcase time="0.007" classname="com.sun.xacml.test.ConformanceTest" name="testXACML"/>
  <testcase time="0.007" classname="com.sun.xacml.test.ConformanceTest" name="testXACML"/>
  <testcase time="0.014" classname="com.sun.xacml.test.ConformanceTest" name="testXACML"/>
  <testcase time="0.008" classname="com.sun.xacml.test.ConformanceTest" name="testXACML"/>
  <testcase time="0.006" classname="com.sun.xacml.test.ConformanceTest" name="testXACML"/>
  <testcase time="0.007" classname="com.sun.xacml.test.ConformanceTest" name="testXACML"/>
  <testcase time="0.012" classname="com.sun.xacml.test.ConformanceTest" name="testXACML"/>
  <testcase time="0.006" classname="com.sun.xacml.test.ConformanceTest" name="testXACML"/>
  <testcase time="0.009" classname="com.sun.xacml.test.ConformanceTest" name="testXACML"/>
  <testcase time="0.008" classname="com.sun.xacml.test.ConformanceTest" name="testXACML"/>
  <testcase time="0.007" classname="com.sun.xacml.test.ConformanceTest" name="testXACML"/>
  <testcase time="0.015" classname="com.sun.xacml.test.ConformanceTest" name="testXACML"/>
  <testcase time="0.009" classname="com.sun.xacml.test.ConformanceTest" name="testXACML"/>
  <testcase time="0.014" classname="com.sun.xacml.test.ConformanceTest" name="testXACML"/>
  <testcase time="0.016" classname="com.sun.xacml.test.ConformanceTest" name="testXACML"/>
  <testcase time="0.018" classname="com.sun.xacml.test.ConformanceTest" name="testXACML"/>
  <testcase time="0.01" classname="com.sun.xacml.test.ConformanceTest" name="testXACML"/>
  <testcase time="0.016" classname="com.sun.xacml.test.ConformanceTest" name="testXACML"/>
  <testcase time="0.014" classname="com.sun.xacml.test.ConformanceTest" name="testXACML"/>
  <testcase time="0.015" classname="com.sun.xacml.test.ConformanceTest" name="testXACML"/>
  <testcase time="0.019" classname="com.sun.xacml.test.ConformanceTest" name="testXACML"/>
  <testcase time="0.009" classname="com.sun.xacml.test.ConformanceTest" name="testXACML"/>
  <testcase time="0.009" classname="com.sun.xacml.test.ConformanceTest" name="testXACML"/>
  <testcase time="0.047" classname="com.sun.xacml.test.ConformanceTest" name="testXACML"/>
  <testcase time="0.012" classname="com.sun.xacml.test.ConformanceTest" name="testXACML"/>
  <testcase time="0.009" classname="com.sun.xacml.test.ConformanceTest" name="testXACML"/>
  <testcase time="0.011" classname="com.sun.xacml.test.ConformanceTest" name="testXACML"/>
  <testcase time="0.008" classname="com.sun.xacml.test.ConformanceTest" name="testXACML"/>
  <testcase time="0.007" classname="com.sun.xacml.test.ConformanceTest" name="testXACML"/>
  <testcase time="0.02" classname="com.sun.xacml.test.ConformanceTest" name="testXACML"/>
  <testcase time="0.007" classname="com.sun.xacml.test.ConformanceTest" name="testXACML"/>
  <testcase time="0.024" classname="com.sun.xacml.test.ConformanceTest" name="testXACML"/>
  <testcase time="0.007" classname="com.sun.xacml.test.ConformanceTest" name="testXACML"/>
  <testcase time="0.01" classname="com.sun.xacml.test.ConformanceTest" name="testXACML"/>
  <testcase time="0.014" classname="com.sun.xacml.test.ConformanceTest" name="testXACML"/>
  <testcase time="0.012" classname="com.sun.xacml.test.ConformanceTest" name="testXACML"/>
  <testcase time="0.007" classname="com.sun.xacml.test.ConformanceTest" name="testXACML"/>
  <testcase time="0.005" classname="com.sun.xacml.test.ConformanceTest" name="testXACML"/>
  <testcase time="0.007" classname="com.sun.xacml.test.ConformanceTest" name="testXACML"/>
  <testcase time="0.007" classname="com.sun.xacml.test.ConformanceTest" name="testXACML"/>
  <testcase time="0.006" classname="com.sun.xacml.test.ConformanceTest" name="testXACML"/>
  <testcase time="0.014" classname="com.sun.xacml.test.ConformanceTest" name="testXACML"/>
  <testcase time="0.007" classname="com.sun.xacml.test.ConformanceTest" name="testXACML"/>
  <testcase time="0.006" classname="com.sun.xacml.test.ConformanceTest" name="testXACML"/>
  <testcase time="0.009" classname="com.sun.xacml.test.ConformanceTest" name="testXACML"/>
  <testcase time="0.006" classname="com.sun.xacml.test.ConformanceTest" name="testXACML"/>
  <testcase time="0.007" classname="com.sun.xacml.test.ConformanceTest" name="testXACML"/>
  <testcase time="0.007" classname="com.sun.xacml.test.ConformanceTest" name="testXACML"/>
  <testcase time="0.007" classname="com.sun.xacml.test.ConformanceTest" name="testXACML"/>
  <testcase time="0.006" classname="com.sun.xacml.test.ConformanceTest" name="testXACML"/>
  <testcase time="0.005" classname="com.sun.xacml.test.ConformanceTest" name="testXACML"/>
  <testcase time="0.005" classname="com.sun.xacml.test.ConformanceTest" name="testXACML"/>
  <testcase time="0.006" classname="com.sun.xacml.test.ConformanceTest" name="testXACML"/>
  <testcase time="0.033" classname="com.sun.xacml.test.ConformanceTest" name="testXACML"/>
  <testcase time="0.006" classname="com.sun.xacml.test.ConformanceTest" name="testXACML"/>
  <testcase time="0.007" classname="com.sun.xacml.test.ConformanceTest" name="testXACML"/>
  <testcase time="0.016" classname="com.sun.xacml.test.ConformanceTest" name="testXACML"/>
  <testcase time="0.016" classname="com.sun.xacml.test.ConformanceTest" name="testXACML"/>
  <testcase time="0.018" classname="com.sun.xacml.test.ConformanceTest" name="testXACML"/>
  <testcase time="0.012" classname="com.sun.xacml.test.ConformanceTest" name="testXACML"/>
  <testcase time="0.008" classname="com.sun.xacml.test.ConformanceTest" name="testXACML"/>
  <testcase time="0.015" classname="com.sun.xacml.test.ConformanceTest" name="testXACML"/>
  <testcase time="0.008" classname="com.sun.xacml.test.ConformanceTest" name="testXACML"/>
  <testcase time="0.006" classname="com.sun.xacml.test.ConformanceTest" name="testXACML"/>
  <testcase time="0.061" classname="com.sun.xacml.test.ConformanceTest" name="testXACML"/>
  <testcase time="0.008" classname="com.sun.xacml.test.ConformanceTest" name="testXACML"/>
  <testcase time="0.014" classname="com.sun.xacml.test.ConformanceTest" name="testXACML"/>
  <testcase time="0.014" classname="com.sun.xacml.test.ConformanceTest" name="testXACML"/>
  <testcase time="0.017" classname="com.sun.xacml.test.ConformanceTest" name="testXACML"/>
  <testcase time="0.015" classname="com.sun.xacml.test.ConformanceTest" name="testXACML"/>
  <testcase time="0.006" classname="com.sun.xacml.test.ConformanceTest" name="testXACML"/>
  <testcase time="0.013" classname="com.sun.xacml.test.ConformanceTest" name="testXACML"/>
  <testcase time="0.01" classname="com.sun.xacml.test.ConformanceTest" name="testXACML"/>
  <testcase time="0.005" classname="com.sun.xacml.test.ConformanceTest" name="testXACML"/>
  <testcase time="0.026" classname="com.sun.xacml.test.ConformanceTest" name="testXACML"/>
  <testcase time="0.005" classname="com.sun.xacml.test.ConformanceTest" name="testXACML"/>
  <testcase time="0.007" classname="com.sun.xacml.test.ConformanceTest" name="testXACML"/>
  <testcase time="0.011" classname="com.sun.xacml.test.ConformanceTest" name="testXACML"/>
  <testcase time="0.005" classname="com.sun.xacml.test.ConformanceTest" name="testXACML"/>
  <testcase time="0.006" classname="com.sun.xacml.test.ConformanceTest" name="testXACML"/>
  <testcase time="0.005" classname="com.sun.xacml.test.ConformanceTest" name="testXACML"/>
  <testcase time="0.005" classname="com.sun.xacml.test.ConformanceTest" name="testXACML"/>
  <testcase time="0.006" classname="com.sun.xacml.test.ConformanceTest" name="testXACML"/>
  <testcase time="0.005" classname="com.sun.xacml.test.ConformanceTest" name="testXACML"/>
  <testcase time="0.006" classname="com.sun.xacml.test.ConformanceTest" name="testXACML"/>
  <testcase time="0.008" classname="com.sun.xacml.test.ConformanceTest" name="testXACML"/>
  <testcase time="0.005" classname="com.sun.xacml.test.ConformanceTest" name="testXACML"/>
  <testcase time="0.005" classname="com.sun.xacml.test.ConformanceTest" name="testXACML"/>
  <testcase time="0.005" classname="com.sun.xacml.test.ConformanceTest" name="testXACML"/>
  <testcase time="0.005" classname="com.sun.xacml.test.ConformanceTest" name="testXACML"/>
  <testcase time="0.005" classname="com.sun.xacml.test.ConformanceTest" name="testXACML"/>
  <testcase time="0.006" classname="com.sun.xacml.test.ConformanceTest" name="testXACML"/>
  <testcase time="0.006" classname="com.sun.xacml.test.ConformanceTest" name="testXACML"/>
  <testcase time="0.004" classname="com.sun.xacml.test.ConformanceTest" name="testXACML"/>
  <testcase time="0.007" classname="com.sun.xacml.test.ConformanceTest" name="testXACML"/>
  <testcase time="0.006" classname="com.sun.xacml.test.ConformanceTest" name="testXACML"/>
  <testcase time="0.007" classname="com.sun.xacml.test.ConformanceTest" name="testXACML"/>
  <testcase time="0.01" classname="com.sun.xacml.test.ConformanceTest" name="testXACML"/>
  <testcase time="0.01" classname="com.sun.xacml.test.ConformanceTest" name="testXACML"/>
  <testcase time="0.013" classname="com.sun.xacml.test.ConformanceTest" name="testXACML"/>
  <testcase time="0.011" classname="com.sun.xacml.test.ConformanceTest" name="testXACML"/>
  <testcase time="0.006" classname="com.sun.xacml.test.ConformanceTest" name="testXACML"/>
  <testcase time="0.005" classname="com.sun.xacml.test.ConformanceTest" name="testXACML"/>
  <testcase time="0.006" classname="com.sun.xacml.test.ConformanceTest" name="testXACML"/>
  <testcase time="0.029" classname="com.sun.xacml.test.ConformanceTest" name="testXACML"/>
  <testcase time="0.005" classname="com.sun.xacml.test.ConformanceTest" name="testXACML"/>
  <testcase time="0.005" classname="com.sun.xacml.test.ConformanceTest" name="testXACML"/>
  <testcase time="0.005" classname="com.sun.xacml.test.ConformanceTest" name="testXACML"/>
  <testcase time="0.005" classname="com.sun.xacml.test.ConformanceTest" name="testXACML"/>
  <testcase time="0.005" classname="com.sun.xacml.test.ConformanceTest" name="testXACML"/>
  <testcase time="0.006" classname="com.sun.xacml.test.ConformanceTest" name="testXACML"/>
  <testcase time="0.004" classname="com.sun.xacml.test.ConformanceTest" name="testXACML"/>
  <testcase time="0.005" classname="com.sun.xacml.test.ConformanceTest" name="testXACML"/>
  <testcase time="0.008" classname="com.sun.xacml.test.ConformanceTest" name="testXACML"/>
  <testcase time="0.005" classname="com.sun.xacml.test.ConformanceTest" name="testXACML"/>
  <testcase time="0.005" classname="com.sun.xacml.test.ConformanceTest" name="testXACML"/>
  <testcase time="0.005" classname="com.sun.xacml.test.ConformanceTest" name="testXACML"/>
  <testcase time="0.006" classname="com.sun.xacml.test.ConformanceTest" name="testXACML"/>
  <testcase time="0.006" classname="com.sun.xacml.test.ConformanceTest" name="testXACML"/>
  <testcase time="0.005" classname="com.sun.xacml.test.ConformanceTest" name="testXACML"/>
  <testcase time="0.006" classname="com.sun.xacml.test.ConformanceTest" name="testXACML"/>
  <testcase time="0.006" classname="com.sun.xacml.test.ConformanceTest" name="testXACML"/>
  <testcase time="0.01" classname="com.sun.xacml.test.ConformanceTest" name="testXACML"/>
  <testcase time="0.005" classname="com.sun.xacml.test.ConformanceTest" name="testXACML"/>
  <testcase time="0.006" classname="com.sun.xacml.test.ConformanceTest" name="testXACML"/>
  <testcase time="0.005" classname="com.sun.xacml.test.ConformanceTest" name="testXACML"/>
  <testcase time="0.006" classname="com.sun.xacml.test.ConformanceTest" name="testXACML"/>
  <testcase time="0.01" classname="com.sun.xacml.test.ConformanceTest" name="testXACML"/>
  <testcase time="0.005" classname="com.sun.xacml.test.ConformanceTest" name="testXACML"/>
  <testcase time="0.006" classname="com.sun.xacml.test.ConformanceTest" name="testXACML"/>
  <testcase time="0.005" classname="com.sun.xacml.test.ConformanceTest" name="testXACML"/>
  <testcase time="0.011" classname="com.sun.xacml.test.ConformanceTest" name="testXACML"/>
  <testcase time="0.01" classname="com.sun.xacml.test.ConformanceTest" name="testXACML"/>
  <testcase time="0.014" classname="com.sun.xacml.test.ConformanceTest" name="testXACML"/>
  <testcase time="0.02" classname="com.sun.xacml.test.ConformanceTest" name="testXACML"/>
  <testcase time="0.011" classname="com.sun.xacml.test.ConformanceTest" name="testXACML"/>
  <testcase time="0.013" classname="com.sun.xacml.test.ConformanceTest" name="testXACML"/>
  <testcase time="0.014" classname="com.sun.xacml.test.ConformanceTest" name="testXACML"/>
  <testcase time="0.012" classname="com.sun.xacml.test.ConformanceTest" name="testXACML"/>
  <testcase time="0.012" classname="com.sun.xacml.test.ConformanceTest" name="testXACML"/>
  <testcase time="0.009" classname="com.sun.xacml.test.ConformanceTest" name="testXACML"/>
  <testcase time="0.006" classname="com.sun.xacml.test.ConformanceTest" name="testXACML"/>
  <testcase time="0.005" classname="com.sun.xacml.test.ConformanceTest" name="testXACML"/>
  <testcase time="0.006" classname="com.sun.xacml.test.ConformanceTest" name="testXACML"/>
  <testcase time="0.007" classname="com.sun.xacml.test.ConformanceTest" name="testXACML"/>
  <testcase time="0.006" classname="com.sun.xacml.test.ConformanceTest" name="testXACML"/>
  <testcase time="0.006" classname="com.sun.xacml.test.ConformanceTest" name="testXACML"/>
  <testcase time="0.006" classname="com.sun.xacml.test.ConformanceTest" name="testXACML"/>
  <testcase time="0.007" classname="com.sun.xacml.test.ConformanceTest" name="testXACML"/>
  <testcase time="0.006" classname="com.sun.xacml.test.ConformanceTest" name="testXACML"/>
  <testcase time="0.009" classname="com.sun.xacml.test.ConformanceTest" name="testXACML"/>
  <testcase time="0.007" classname="com.sun.xacml.test.ConformanceTest" name="testXACML"/>
  <testcase time="0.008" classname="com.sun.xacml.test.ConformanceTest" name="testXACML"/>
  <testcase time="0.009" classname="com.sun.xacml.test.ConformanceTest" name="testXACML"/>
  <testcase time="0.007" classname="com.sun.xacml.test.ConformanceTest" name="testXACML"/>
  <testcase time="0.008" classname="com.sun.xacml.test.ConformanceTest" name="testXACML"/>
  <testcase time="0.018" classname="com.sun.xacml.test.ConformanceTest" name="testXACML"/>
  <testcase time="0.009" classname="com.sun.xacml.test.ConformanceTest" name="testXACML"/>
  <testcase time="0.015" classname="com.sun.xacml.test.ConformanceTest" name="testXACML"/>
  <testcase time="0.014" classname="com.sun.xacml.test.ConformanceTest" name="testXACML"/>
  <testcase time="0.013" classname="com.sun.xacml.test.ConformanceTest" name="testXACML"/>
  <testcase time="0.028" classname="com.sun.xacml.test.ConformanceTest" name="testXACML"/>
  <testcase time="0.049" classname="com.sun.xacml.test.ConformanceTest" name="testXACML"/>
  <testcase time="0.046" classname="com.sun.xacml.test.ConformanceTest" name="testXACML"/>
  <testcase time="0.007" classname="com.sun.xacml.test.ConformanceTest" name="testXACML"/>
  <testcase time="0.008" classname="com.sun.xacml.test.ConformanceTest" name="testXACML"/>
  <testcase time="0.032" classname="com.sun.xacml.test.ConformanceTest" name="testXACML"/>
  <testcase time="0.009" classname="com.sun.xacml.test.ConformanceTest" name="testXACML"/>
  <testcase time="0.006" classname="com.sun.xacml.test.ConformanceTest" name="testXACML"/>
  <testcase time="0.006" classname="com.sun.xacml.test.ConformanceTest" name="testXACML"/>
  <testcase time="0.006" classname="com.sun.xacml.test.ConformanceTest" name="testXACML"/>
  <testcase time="0.007" classname="com.sun.xacml.test.ConformanceTest" name="testXACML"/>
  <testcase time="0.005" classname="com.sun.xacml.test.ConformanceTest" name="testXACML"/>
  <testcase time="0.006" classname="com.sun.xacml.test.ConformanceTest" name="testXACML"/>
  <testcase time="0.007" classname="com.sun.xacml.test.ConformanceTest" name="testXACML"/>
  <testcase time="0.012" classname="com.sun.xacml.test.ConformanceTest" name="testXACML"/>
  <testcase time="0.006" classname="com.sun.xacml.test.ConformanceTest" name="testXACML"/>
  <testcase time="0.007" classname="com.sun.xacml.test.ConformanceTest" name="testXACML"/>
  <testcase time="0.006" classname="com.sun.xacml.test.ConformanceTest" name="testXACML"/>
  <testcase time="0.005" classname="com.sun.xacml.test.ConformanceTest" name="testXACML"/>
  <testcase time="0.006" classname="com.sun.xacml.test.ConformanceTest" name="testXACML"/>
  <testcase time="0.006" classname="com.sun.xacml.test.ConformanceTest" name="testXACML"/>
  <testcase time="0.015" classname="com.sun.xacml.test.ConformanceTest" name="testXACML"/>
  <testcase time="0.006" classname="com.sun.xacml.test.ConformanceTest" name="testXACML"/>
  <testcase time="0.014" classname="com.sun.xacml.test.ConformanceTest" name="testXACML"/>
  <testcase time="0.006" classname="com.sun.xacml.test.ConformanceTest" name="testXACML"/>
  <testcase time="0.006" classname="com.sun.xacml.test.ConformanceTest" name="testXACML"/>
  <testcase time="0.005" classname="com.sun.xacml.test.ConformanceTest" name="testXACML"/>
  <testcase time="0.005" classname="com.sun.xacml.test.ConformanceTest" name="testXACML"/>
  <testcase time="0.004" classname="com.sun.xacml.test.ConformanceTest" name="testXACML"/>
  <testcase time="0.006" classname="com.sun.xacml.test.ConformanceTest" name="testXACML"/>
  <testcase time="0.006" classname="com.sun.xacml.test.ConformanceTest" name="testXACML"/>
  <testcase time="0.006" classname="com.sun.xacml.test.ConformanceTest" name="testXACML"/>
  <testcase time="0.018" classname="com.sun.xacml.test.ConformanceTest" name="testXACML"/>
  <testcase time="0.005" classname="com.sun.xacml.test.ConformanceTest" name="testXACML"/>
  <testcase time="0.006" classname="com.sun.xacml.test.ConformanceTest" name="testXACML"/>
  <testcase time="0.007" classname="com.sun.xacml.test.ConformanceTest" name="testXACML"/>
  <testcase time="0.011" classname="com.sun.xacml.test.ConformanceTest" name="testXACML"/>
  <testcase time="0.007" classname="com.sun.xacml.test.ConformanceTest" name="testXACML"/>
  <testcase time="0.008" classname="com.sun.xacml.test.ConformanceTest" name="testXACML"/>
  <testcase time="0.025" classname="com.sun.xacml.test.ConformanceTest" name="testXACML"/>
  <testcase time="0.007" classname="com.sun.xacml.test.ConformanceTest" name="testXACML"/>
  <testcase time="0.011" classname="com.sun.xacml.test.ConformanceTest" name="testXACML"/>
  <testcase time="0.008" classname="com.sun.xacml.test.ConformanceTest" name="testXACML"/>
  <testcase time="0.013" classname="com.sun.xacml.test.ConformanceTest" name="testXACML"/>
  <testcase time="0.015" classname="com.sun.xacml.test.ConformanceTest" name="testXACML"/>
  <testcase time="0.017" classname="com.sun.xacml.test.ConformanceTest" name="testXACML"/>
  <testcase time="0.016" classname="com.sun.xacml.test.ConformanceTest" name="testXACML"/>
  <testcase time="0.062" classname="com.sun.xacml.test.ConformanceTest" name="testXACML"/>
  <testcase time="0.008" classname="com.sun.xacml.test.ConformanceTest" name="testXACML"/>
  <testcase time="0.016" classname="com.sun.xacml.test.ConformanceTest" name="testXACML"/>
  <testcase time="0.025" classname="com.sun.xacml.test.ConformanceTest" name="testXACML"/>
  <testcase time="0.025" classname="com.sun.xacml.test.ConformanceTest" name="testXACML"/>
  <testcase time="0.107" classname="com.sun.xacml.test.ConformanceTest" name="testXACML"/>
  <testcase time="0.046" classname="com.sun.xacml.test.ConformanceTest" name="testXACML"/>
  <testcase time="0.048" classname="com.sun.xacml.test.ConformanceTest" name="testXACML"/>
  <testcase time="0.06" classname="com.sun.xacml.test.ConformanceTest" name="testXACML"/>
  <testcase time="0.006" classname="com.sun.xacml.test.ConformanceTest" name="testXACML"/>
  <testcase time="0.051" classname="com.sun.xacml.test.ConformanceTest" name="testXACML"/>
  <testcase time="0.032" classname="com.sun.xacml.test.ConformanceTest" name="testXACML"/>
  <testcase time="0.099" classname="com.sun.xacml.test.ConformanceTest" name="testXACML"/>
  <testcase time="0.007" classname="com.sun.xacml.test.ConformanceTest" name="testXACML"/>
  <testcase time="0.007" classname="com.sun.xacml.test.ConformanceTest" name="testXACML"/>
  <testcase time="0.008" classname="com.sun.xacml.test.ConformanceTest" name="testXACML"/>
  <testcase time="0.016" classname="com.sun.xacml.test.ConformanceTest" name="testXACML"/>
  <testcase time="0.015" classname="com.sun.xacml.test.ConformanceTest" name="testXACML"/>
  <testcase time="0.012" classname="com.sun.xacml.test.ConformanceTest" name="testXACML"/>
  <testcase time="0.04" classname="com.sun.xacml.test.ConformanceTest" name="testXACML"/>
  <testcase time="0.01" classname="com.sun.xacml.test.ConformanceTest" name="testXACML"/>
  <testcase time="0.024" classname="com.sun.xacml.test.ConformanceTest" name="testXACML"/>
  <testcase time="0.008" classname="com.sun.xacml.test.ConformanceTest" name="testXACML"/>
  <testcase time="0.027" classname="com.sun.xacml.test.ConformanceTest" name="testXACML"/>
  <testcase time="0.011" classname="com.sun.xacml.test.ConformanceTest" name="testXACML"/>
  <testcase time="0.014" classname="com.sun.xacml.test.ConformanceTest" name="testXACML"/>
  <testcase time="0.006" classname="com.sun.xacml.test.ConformanceTest" name="testXACML"/>
  <testcase time="0.007" classname="com.sun.xacml.test.ConformanceTest" name="testXACML"/>
  <testcase time="0.006" classname="com.sun.xacml.test.ConformanceTest" name="testXACML"/>
  <testcase time="0.022" classname="com.sun.xacml.test.ConformanceTest" name="testXACML"/>
  <testcase time="0.01" classname="com.sun.xacml.test.ConformanceTest" name="testXACML"/>
  <testcase time="0.007" classname="com.sun.xacml.test.ConformanceTest" name="testXACML"/>
  <testcase time="0.025" classname="com.sun.xacml.test.ConformanceTest" name="testXACML"/>
  <testcase time="0.049" classname="com.sun.xacml.test.ConformanceTest" name="testXACML"/>
  <testcase time="0.006" classname="com.sun.xacml.test.ConformanceTest" name="testXACML"/>
  <testcase time="0.051" classname="com.sun.xacml.test.ConformanceTest" name="testXACML"/>
  <testcase time="0.155" classname="com.sun.xacml.test.ConformanceTest" name="testXACML"/>
  <testcase time="0.019" classname="com.sun.xacml.test.ConformanceTest" name="testXACML"/>
  <testcase time="0.006" classname="com.sun.xacml.test.ConformanceTest" name="testXACML"/>
  <testcase time="0.008" classname="com.sun.xacml.test.ConformanceTest" name="testXACML"/>
  <testcase time="0.016" classname="com.sun.xacml.test.ConformanceTest" name="testXACML"/>
  <testcase time="0.028" classname="com.sun.xacml.test.ConformanceTest" name="testXACML"/>
  <testcase time="0.012" classname="com.sun.xacml.test.ConformanceTest" name="testXACML"/>
  <testcase time="0.007" classname="com.sun.xacml.test.ConformanceTest" name="testXACML"/>
  <testcase time="0.014" classname="com.sun.xacml.test.ConformanceTest" name="testXACML"/>
  <testcase time="0.023" classname="com.sun.xacml.test.ConformanceTest" name="testXACML"/>
  <testcase time="0.022" classname="com.sun.xacml.test.ConformanceTest" name="testXACML"/>
  <testcase time="0.009" classname="com.sun.xacml.test.ConformanceTest" name="testXACML"/>
  <testcase time="0.007" classname="com.sun.xacml.test.ConformanceTest" name="testXACML"/>
  <testcase time="0.01" classname="com.sun.xacml.test.ConformanceTest" name="testXACML"/>
  <testcase time="0.027" classname="com.sun.xacml.test.ConformanceTest" name="testXACML"/>
  <testcase time="0.524" classname="com.sun.xacml.test.ConformanceTest" name="testXACML"/>
  <testcase time="0.037" classname="com.sun.xacml.test.ConformanceTest" name="testXACML"/>
  <testcase time="0.025" classname="com.sun.xacml.test.ConformanceTest" name="testXACML"/>
  <testcase time="0.06" classname="com.sun.xacml.test.ConformanceTest" name="testXACML"/>
  <testcase time="0.029" classname="com.sun.xacml.test.ConformanceTest" name="testXACML"/>
  <testcase time="0.021" classname="com.sun.xacml.test.ConformanceTest" name="testXACML"/>
  <testcase time="0.042" classname="com.sun.xacml.test.ConformanceTest" name="testXACML"/>
</testsuite>